Frame 0
1 
Frame 1
1 1 
Frame 0
1 
Frame 1
1 1 
Time of model construct: 0.18
Num of total SAT Calls: 66
      Num of main solver SAT Calls: 60
      Num of inv solver SAT Calls: 2
      Num of start solver SAT Calls: 4
Time of total SAT Calls: 2.61
      Time of main solver SAT Calls: 2.56
      Time of inv solver SAT Calls: 0.02
      Time of start solver SAT Calls: 0.03
Num of clause contain: 11
Time of clause contain: 0
Num of clause contain success: 4
Clause contain successful rate: 0.363636
Num of state contain: 26
Time of state contain: 0
Total Time: 10.25
