Frame 0
1 
Frame 1
1 1 
Frame 2
7 3 2 
Frame 0
1 
Frame 1
1 1 
Frame 2
13 5 2 
Time of model construct: 0.15
Num of total SAT Calls: 159
      Num of main solver SAT Calls: 147
      Num of inv solver SAT Calls: 6
      Num of start solver SAT Calls: 6
Time of total SAT Calls: 7.3
      Time of main solver SAT Calls: 7.2
      Time of inv solver SAT Calls: 0.08
      Time of start solver SAT Calls: 0.02
Num of clause contain: 58
Time of clause contain: 0
Num of clause contain success: 8
Clause contain successful rate: 0.137931
Num of state contain: 182
Time of state contain: 0
Total Time: 8.36
