Frame 0
1 
Frame 1
1 1 
Frame 2
16 9 3 
Frame 3
21 12 14 3 
Frame 4
21 12 25 6 9 
Frame 0
1 
Frame 1
1 1 
Frame 2
16 4 2 
Frame 3
26 13 16 5 
Frame 4
26 13 32 15 11 
Frame 0
1 
Frame 1
1 1 
Frame 2
16 7 2 
Frame 3
27 11 13 3 
Frame 0
1 
Frame 1
1 1 
Frame 2
26 3 2 
Frame 3
38 6 8 4 
Frame 0
1 
Frame 1
1 1 
Frame 2
21 3 2 
Frame 3
24 8 9 3 
Frame 4
24 8 34 10 8 
Frame 0
1 
Frame 1
33 2 
Frame 2
39 5 2 
Frame 3
39 7 6 4 
Frame 4
39 9 9 6 7 
Frame 5
39 11 76 8 45 5 
Frame 0
1 
Frame 1
1 1 
Frame 2
11 4 2 
Time of model construct: 0.18
Num of total SAT Calls: 2988
      Num of main solver SAT Calls: 2905
      Num of inv solver SAT Calls: 51
      Num of start solver SAT Calls: 32
Time of total SAT Calls: 115.03
      Time of main solver SAT Calls: 114.33
      Time of inv solver SAT Calls: 0.57
      Time of start solver SAT Calls: 0.13
Num of clause contain: 1106
Time of clause contain: 0.01
Num of clause contain success: 340
Clause contain successful rate: 0.307414
Num of state contain: 3919
Time of state contain: 0.63
Total Time: 120.77
