Frame 0
1 
Frame 1
1 1 
Frame 2
5 3 2 
Frame 0
1 
Frame 1
1 1 
Frame 2
10 4 2 
Frame 0
1 
Frame 1
1 1 
Frame 2
5 3 2 
Frame 0
1 
Frame 1
1 1 
Frame 0
1 
Frame 1
1 1 
Frame 2
9 5 2 
Frame 0
1 
Frame 1
1 1 
Frame 2
7 3 2 
Frame 0
1 
Frame 1
1 1 
Frame 2
4 3 2 
Frame 0
1 
Frame 1
2 1 
Frame 0
1 
Frame 1
1 1 
Frame 2
7 4 2 
Frame 0
1 
Frame 1
8 5 
Frame 0
1 
Frame 1
1 1 
Frame 2
7 3 2 
Frame 0
1 
Frame 1
1 1 
Frame 2
8 3 2 
Frame 0
1 
Frame 1
1 1 
Frame 2
6 3 2 
Frame 0
1 
Frame 1
1 1 
Frame 2
5 3 2 
Frame 0
1 
Frame 1
1 1 
Frame 2
6 3 2 
Frame 0
1 
Frame 1
1 1 
Frame 2
5 3 2 
Frame 0
1 
Frame 1
1 1 
Frame 2
13 3 2 
Frame 0
1 
Frame 1
1 1 
Frame 2
5 3 2 
Frame 0
1 
Frame 1
1 1 
Frame 2
12 4 2 
Frame 0
1 
Frame 1
1 1 
Frame 2
5 3 2 
Frame 0
1 
Frame 1
1 1 
Frame 2
7 4 2 
Frame 0
1 
Frame 1
1 1 
Frame 2
7 3 2 
Frame 0
1 
Frame 1
8 2 
Frame 2
8 3 3 
Frame 0
1 
Frame 1
1 1 
Frame 2
9 3 2 
Frame 0
1 
Frame 1
1 1 
Frame 2
5 3 2 
Frame 0
1 
Frame 1
1 1 
Frame 2
17 7 3 
Frame 0
1 
Frame 1
1 1 
Frame 2
6 3 2 
Frame 0
1 
Frame 1
1 1 
Frame 2
6 3 2 
Frame 0
1 
Frame 1
1 1 
Frame 2
5 3 2 
Frame 3
5 4 6 6 
Frame 0
1 
Frame 1
1 1 
Frame 2
5 3 3 
Frame 0
1 
Frame 1
1 1 
Frame 2
6 3 2 
Frame 0
1 
Frame 1
13 3 
Frame 2
13 5 6 
Frame 0
1 
Frame 1
1 1 
Frame 2
6 3 2 
Frame 0
1 
Frame 1
1 1 
Frame 2
6 3 2 
Frame 0
1 
Frame 1
1 1 
Frame 2
6 3 2 
Frame 0
1 
Frame 1
1 1 
Frame 2
8 5 2 
Frame 0
1 
Frame 1
13 2 
Frame 2
13 4 11 
Frame 0
1 
Frame 1
1 1 
Frame 2
5 3 2 
Frame 0
1 
Frame 1
1 1 
Frame 2
6 3 2 
Frame 0
1 
Frame 1
1 1 
Frame 2
6 3 2 
Frame 0
1 
Frame 1
1 1 
Frame 2
5 3 2 
Frame 0
1 
Frame 1
1 1 
Frame 2
10 3 2 
Frame 0
1 
Frame 1
1 1 
Frame 2
11 4 2 
Frame 0
1 
Frame 1
1 1 
Frame 2
9 3 2 
Frame 0
1 
Frame 1
1 1 
Frame 0
1 
Frame 1
1 1 
Frame 2
5 3 2 
Frame 0
1 
Frame 1
1 1 
Frame 2
7 3 2 
Frame 0
1 
Frame 1
1 1 
Frame 0
1 
Frame 1
1 1 
Frame 2
7 3 2 
Frame 0
1 
Frame 1
1 1 
Frame 2
6 3 2 
Frame 0
1 
Frame 1
1 1 
Frame 2
5 3 2 
Frame 0
1 
Frame 1
1 1 
Frame 0
1 
Frame 1
1 1 
Frame 2
7 4 2 
Frame 0
1 
Frame 1
1 1 
Frame 0
1 
Frame 1
1 1 
Frame 2
5 3 2 
Frame 0
1 
Frame 1
1 1 
Frame 2
6 3 2 
Frame 0
1 
Frame 1
1 1 
Frame 2
6 3 2 
Frame 0
1 
Frame 1
1 1 
Frame 2
8 5 3 
Frame 0
1 
Frame 1
1 1 
Frame 2
7 5 3 
Frame 0
1 
Frame 1
1 1 
Frame 2
5 3 2 
Frame 0
1 
Frame 1
1 1 
Frame 2
7 4 2 
Frame 3
7 5 4 4 
Frame 0
1 
Frame 1
1 1 
Frame 2
9 4 2 
Frame 0
1 
Frame 1
1 1 
Frame 2
5 3 2 
Frame 0
1 
Frame 1
1 1 
Frame 2
8 3 3 
Frame 0
1 
Frame 1
1 1 
Frame 2
4 3 2 
Frame 0
1 
Frame 1
1 1 
Frame 2
5 3 3 
Frame 0
1 
Frame 1
1 1 
Frame 2
7 3 2 
Frame 0
1 
Frame 1
1 1 
Frame 2
9 5 2 
Frame 0
1 
Frame 1
1 1 
Frame 2
7 3 2 
Frame 0
1 
Frame 1
1 1 
Frame 2
7 3 2 
Frame 0
1 
Frame 1
1 1 
Frame 2
5 3 2 
Frame 0
1 
Frame 1
1 1 
Frame 2
7 3 2 
Frame 0
1 
Frame 1
1 1 
Frame 2
12 3 2 
Frame 0
1 
Frame 1
1 1 
Frame 2
7 3 2 
Frame 0
1 
Frame 1
1 1 
Frame 0
1 
Frame 1
1 1 
Frame 2
7 3 2 
Frame 0
1 
Frame 1
1 1 
Frame 2
8 4 2 
Frame 0
1 
Frame 1
1 1 
Frame 0
1 
Frame 1
1 1 
Frame 2
6 3 3 
Frame 0
1 
Frame 1
1 1 
Frame 2
7 3 2 
Frame 0
1 
Frame 1
1 1 
Frame 2
9 5 2 
Frame 0
1 
Frame 1
1 1 
Frame 2
12 3 2 
Time of model construct: 0.17
Num of total SAT Calls: 4711
      Num of main solver SAT Calls: 4243
      Num of inv solver SAT Calls: 229
      Num of start solver SAT Calls: 239
Time of total SAT Calls: 205.05
      Time of main solver SAT Calls: 201.1
      Time of inv solver SAT Calls: 2.77
      Time of start solver SAT Calls: 1.18
Num of clause contain: 1592
Time of clause contain: 0.01
Num of clause contain success: 284
Clause contain successful rate: 0.178392
Num of state contain: 5090
Time of state contain: 0.27
Total Time: 234.34
