Frame 0
1 
Frame 1
1 1 
Frame 2
7 3 2 
Frame 0
1 
Frame 1
1 1 
Frame 0
1 
Frame 1
1 1 
Frame 0
1 
Frame 1
1 1 
Frame 2
6 3 2 
Frame 0
1 
Frame 1
1 1 
Frame 2
6 3 2 
Frame 0
1 
Frame 1
1 1 
Frame 2
10 4 3 
Frame 0
1 
Frame 1
1 1 
Frame 2
3 5 4 
Frame 3
3 5 4 3 
Frame 0
1 
Frame 1
1 1 
Frame 2
5 3 2 
Frame 0
1 
Frame 1
1 1 
Frame 2
2 7 6 
Frame 3
2 7 6 5 
Frame 0
1 
Frame 1
1 1 
Frame 2
6 5 3 
Frame 0
1 
Frame 1
1 1 
Frame 2
8 3 3 
Frame 0
1 
Frame 1
1 1 
Frame 2
8 2 2 
Frame 0
1 
Frame 1
1 1 
Frame 2
6 3 2 
Frame 0
1 
Frame 1
1 1 
Frame 2
15 3 2 
Frame 0
1 
Frame 1
1 1 
Frame 2
8 3 2 
Frame 0
1 
Frame 1
1 1 
Frame 2
6 3 2 
Frame 0
1 
Frame 1
1 1 
Frame 2
6 2 2 
Frame 0
1 
Frame 1
1 1 
Frame 2
15 5 3 
Frame 0
1 
Frame 1
1 1 
Frame 2
3 5 4 
Frame 3
3 5 4 2 
Frame 0
1 
Frame 1
1 1 
Frame 2
7 4 3 
Frame 0
1 
Frame 1
5 2 
Frame 2
8 5 5 
Frame 0
1 
Frame 1
1 1 
Frame 2
2 5 5 
Frame 3
2 5 5 4 
Frame 0
1 
Frame 1
1 1 
Frame 2
6 5 3 
Time of model construct: 0.15
Num of total SAT Calls: 1939
      Num of main solver SAT Calls: 1796
      Num of inv solver SAT Calls: 69
      Num of start solver SAT Calls: 74
Time of total SAT Calls: 58.67
      Time of main solver SAT Calls: 57.56
      Time of inv solver SAT Calls: 0.77
      Time of start solver SAT Calls: 0.34
Num of clause contain: 778
Time of clause contain: 0
Num of clause contain success: 240
Clause contain successful rate: 0.308483
Num of state contain: 2278
Time of state contain: 0.21
Total Time: 66.98
