Frame 0
1 
Frame 1
1 1 
Frame 0
1 
Frame 1
1 1 
Frame 0
1 
Frame 1
1 1 
Frame 0
1 
Frame 1
1 1 
Frame 0
1 
Frame 1
1 1 
Frame 2
2 2 2 
Time of model construct: 0.14
Num of total SAT Calls: 308
      Num of main solver SAT Calls: 290
      Num of inv solver SAT Calls: 7
      Num of start solver SAT Calls: 11
Time of total SAT Calls: 9.17
      Time of main solver SAT Calls: 9.01
      Time of inv solver SAT Calls: 0.09
      Time of start solver SAT Calls: 0.07
Num of clause contain: 136
Time of clause contain: 0
Num of clause contain success: 14
Clause contain successful rate: 0.102941
Num of state contain: 447
Time of state contain: 0
Total Time: 10.92
