Frame 0
1 
Frame 1
1 1 
Frame 0
1 
Frame 1
1 1 
Frame 2
20 7 3 
Frame 3
26 13 16 3 
Frame 0
1 
Frame 1
1 1 
Frame 2
25 23 3 
Frame 3
30 23 32 13 
Frame 0
1 
Frame 1
1 1 
Frame 0
1 
Frame 1
1 1 
Frame 0
1 
Frame 1
1 1 
Time of model construct: 0.19
Num of total SAT Calls: 1285
      Num of main solver SAT Calls: 1249
      Num of inv solver SAT Calls: 16
      Num of start solver SAT Calls: 20
Time of total SAT Calls: 48.09
      Time of main solver SAT Calls: 47.78
      Time of inv solver SAT Calls: 0.22
      Time of start solver SAT Calls: 0.09
Num of clause contain: 540
Time of clause contain: 0
Num of clause contain success: 151
Clause contain successful rate: 0.27963
Num of state contain: 1588
Time of state contain: 0.16
Total Time: 51.1
