Frame 0
1 
Frame 1
1 1 
Frame 2
6 4 2 
Frame 0
1 
Frame 1
1 1 
Frame 2
6 3 2 
Frame 0
1 
Frame 1
1 1 
Frame 2
5 3 2 
Frame 0
1 
Frame 1
1 1 
Frame 2
6 4 2 
Frame 0
1 
Frame 1
1 1 
Frame 2
18 7 3 
Frame 0
1 
Frame 1
1 1 
Frame 2
10 5 2 
Frame 0
1 
Frame 1
1 1 
Frame 2
7 5 2 
Frame 0
1 
Frame 1
1 1 
Frame 2
8 4 2 
Frame 0
1 
Frame 1
1 1 
Frame 2
9 10 7 
Frame 0
1 
Frame 1
1 1 
Frame 2
11 4 2 
Frame 0
1 
Frame 1
1 1 
Frame 2
8 4 2 
Frame 0
1 
Frame 1
1 1 
Frame 2
7 3 2 
Frame 0
1 
Frame 1
1 1 
Frame 2
8 3 2 
Frame 0
1 
Frame 1
1 1 
Frame 2
6 3 2 
Frame 0
1 
Frame 1
1 1 
Frame 2
6 3 2 
Frame 0
1 
Frame 1
1 1 
Frame 2
11 9 2 
Frame 0
1 
Frame 1
1 1 
Frame 2
6 3 2 
Frame 0
1 
Frame 1
1 1 
Frame 2
5 3 2 
Frame 3
11 7 6 3 
Frame 0
1 
Frame 1
1 1 
Frame 2
11 5 2 
Frame 0
1 
Frame 1
1 1 
Frame 2
10 5 2 
Frame 0
1 
Frame 1
1 1 
Frame 2
11 5 2 
Frame 0
1 
Frame 1
2 1 
Frame 0
1 
Frame 1
1 1 
Frame 2
6 4 2 
Frame 0
1 
Frame 1
1 1 
Frame 2
7 3 2 
Frame 0
1 
Frame 1
1 1 
Frame 2
21 4 2 
Frame 3
21 7 12 4 
Frame 0
1 
Frame 1
1 1 
Frame 2
12 4 2 
Frame 0
1 
Frame 1
1 1 
Frame 2
6 3 2 
Frame 0
1 
Frame 1
1 1 
Frame 2
11 4 2 
Frame 3
11 5 6 6 
Frame 0
1 
Frame 1
1 1 
Frame 2
9 5 2 
Frame 0
1 
Frame 1
1 1 
Frame 2
6 3 2 
Frame 0
1 
Frame 1
31 2 
Frame 2
31 4 12 
Frame 0
1 
Frame 1
1 1 
Frame 2
10 5 2 
Frame 0
1 
Frame 1
1 1 
Frame 2
13 5 3 
Frame 0
1 
Frame 1
1 1 
Frame 2
8 5 2 
Frame 0
1 
Frame 1
1 1 
Frame 2
10 5 2 
Frame 0
1 
Frame 1
27 2 
Frame 2
27 4 8 
Frame 0
1 
Frame 1
1 1 
Frame 2
5 3 2 
Frame 0
1 
Frame 1
1 1 
Frame 2
5 3 2 
Frame 0
1 
Frame 1
1 1 
Frame 2
10 5 2 
Frame 0
1 
Frame 1
1 1 
Frame 2
21 5 2 
Frame 0
1 
Frame 1
1 1 
Frame 2
5 3 2 
Frame 0
1 
Frame 1
1 1 
Frame 2
41 5 2 
Frame 0
1 
Frame 1
1 1 
Frame 2
7 4 2 
Frame 0
1 
Frame 1
1 1 
Frame 2
9 4 2 
Frame 0
1 
Frame 1
1 1 
Frame 2
5 4 2 
Frame 0
1 
Frame 1
1 1 
Frame 2
6 3 2 
Frame 0
1 
Frame 1
7 2 
Frame 0
1 
Frame 1
1 1 
Frame 2
6 3 2 
Frame 0
1 
Frame 1
1 1 
Frame 2
7 4 2 
Frame 0
1 
Frame 1
1 1 
Frame 2
6 3 2 
Frame 0
1 
Frame 1
10 2 
Frame 0
1 
Frame 1
1 1 
Frame 2
6 3 2 
Frame 3
9 6 5 2 
Frame 0
1 
Frame 1
1 1 
Frame 0
1 
Frame 1
1 1 
Frame 2
13 6 2 
Frame 0
1 
Frame 1
1 1 
Frame 2
7 4 2 
Frame 0
1 
Frame 1
1 1 
Frame 2
9 3 2 
Frame 0
1 
Frame 1
1 1 
Frame 2
11 5 2 
Frame 0
1 
Frame 1
11 2 
Frame 2
11 4 4 
Frame 0
1 
Frame 1
1 1 
Frame 2
7 4 2 
Frame 0
1 
Frame 1
1 1 
Frame 2
8 4 2 
Frame 3
8 5 5 5 
Frame 0
1 
Frame 1
1 1 
Frame 2
4 3 2 
Frame 3
10 7 11 3 
Frame 0
1 
Frame 1
1 1 
Frame 2
7 4 2 
Frame 0
1 
Frame 1
1 1 
Frame 2
12 4 2 
Frame 0
1 
Frame 1
1 1 
Frame 2
10 5 2 
Frame 0
1 
Frame 1
1 1 
Frame 2
21 5 2 
Frame 0
1 
Frame 1
1 1 
Frame 2
8 5 2 
Frame 0
1 
Frame 1
1 1 
Frame 2
10 3 2 
Frame 0
1 
Frame 1
1 1 
Frame 2
11 5 2 
Frame 0
1 
Frame 1
1 1 
Frame 2
11 5 2 
Frame 0
1 
Frame 1
1 1 
Frame 2
7 3 2 
Frame 0
1 
Frame 1
1 1 
Frame 2
10 5 2 
Frame 0
1 
Frame 1
1 1 
Frame 2
14 5 2 
Frame 0
1 
Frame 1
1 1 
Frame 2
8 5 3 
Frame 0
1 
Frame 1
1 1 
Frame 0
1 
Frame 1
1 1 
Frame 2
11 5 2 
Frame 0
1 
Frame 1
1 1 
Frame 2
10 4 2 
Frame 0
1 
Frame 1
1 1 
Frame 2
6 3 2 
Frame 0
1 
Frame 1
1 1 
Frame 2
6 4 2 
Frame 0
1 
Frame 1
1 1 
Frame 2
9 3 2 
Frame 0
1 
Frame 1
1 1 
Frame 2
10 4 2 
Time of model construct: 0.2
Num of total SAT Calls: 6782
      Num of main solver SAT Calls: 6299
      Num of inv solver SAT Calls: 242
      Num of start solver SAT Calls: 241
Time of total SAT Calls: 294.78
      Time of main solver SAT Calls: 290.66
      Time of inv solver SAT Calls: 2.94
      Time of start solver SAT Calls: 1.18
Num of clause contain: 2507
Time of clause contain: 0.01
Num of clause contain success: 537
Clause contain successful rate: 0.2142
Num of state contain: 8077
Time of state contain: 0.69
Total Time: 326.97
