Frame 0
1 
Frame 1
1 1 
Frame 2
5 3 2 
Frame 0
1 
Frame 1
1 1 
Frame 2
4 3 2 
Frame 0
1 
Frame 1
1 1 
Frame 2
6 4 3 
Frame 3
7 6 8 5 
Frame 0
1 
Frame 1
1 1 
Frame 2
5 3 2 
Frame 3
7 6 12 5 
Frame 0
1 
Frame 1
1 1 
Frame 2
6 4 3 
Frame 0
1 
Frame 1
1 1 
Frame 2
11 8 6 
Frame 0
1 
Frame 1
1 1 
Frame 2
3 5 4 
Frame 3
3 5 4 2 
Frame 4
9 4 9 6 4 
Frame 0
1 
Frame 1
1 1 
Frame 2
7 3 2 
Frame 0
1 
Frame 1
1 1 
Frame 2
2 11 3 
Frame 3
2 12 7 3 
Frame 4
7 5 9 5 2 
Frame 5
7 7 15 13 21 10 
Frame 6
7 7 15 13 21 11 5 
Frame 7
7 7 15 13 23 13 7 5 
Frame 0
1 
Frame 1
1 1 
Frame 2
6 5 3 
Frame 3
6 7 8 6 
Frame 0
1 
Frame 1
1 1 
Frame 2
4 3 2 
Frame 0
1 
Frame 1
1 1 
Frame 2
5 3 2 
Frame 0
1 
Frame 1
1 1 
Frame 2
4 3 2 
Frame 3
6 6 6 3 
Frame 0
1 
Frame 1
1 1 
Frame 2
5 3 2 
Frame 3
7 6 6 3 
Frame 0
1 
Frame 1
1 1 
Frame 2
3 3 2 
Frame 0
1 
Frame 1
1 1 
Frame 2
5 3 2 
Frame 0
1 
Frame 1
1 1 
Frame 2
3 3 2 
Frame 0
1 
Frame 1
1 1 
Frame 2
10 8 7 
Frame 0
1 
Frame 1
1 1 
Frame 2
3 5 4 
Frame 3
3 5 4 3 
Frame 4
11 5 7 7 4 
Frame 0
1 
Frame 1
1 1 
Frame 2
6 5 2 
Frame 0
1 
Frame 1
5 2 
Frame 2
6 3 2 
Frame 3
8 5 3 3 
Frame 0
1 
Frame 1
1 1 
Frame 2
2 5 5 
Frame 3
2 5 5 4 
Frame 4
6 5 9 8 5 
Frame 0
1 
Frame 1
1 1 
Frame 2
7 4 3 
Frame 3
7 6 6 5 
Time of model construct: 0.16
Num of total SAT Calls: 2858
      Num of main solver SAT Calls: 2654
      Num of inv solver SAT Calls: 117
      Num of start solver SAT Calls: 87
Time of total SAT Calls: 99.02
      Time of main solver SAT Calls: 97.39
      Time of inv solver SAT Calls: 1.3
      Time of start solver SAT Calls: 0.33
Num of clause contain: 1112
Time of clause contain: 0.01
Num of clause contain success: 346
Clause contain successful rate: 0.311151
Num of state contain: 3289
Time of state contain: 0.4
Total Time: 108.5
