Frame 0
1 
Frame 1
1 1 
Frame 0
1 
Frame 1
1 1 
Frame 0
1 
Frame 1
1 1 
Frame 0
1 
Frame 1
1 1 
Frame 0
1 
Frame 1
1 1 
Frame 0
1 
Frame 1
1 1 
Frame 2
24 7 3 
Frame 0
1 
Frame 1
1 1 
Frame 0
1 
Frame 1
1 1 
Frame 0
1 
Frame 1
1 1 
Frame 0
1 
Frame 1
1 1 
Frame 0
1 
Frame 1
1 1 
Time of model construct: 0.16
Num of total SAT Calls: 1064
      Num of main solver SAT Calls: 1028
      Num of inv solver SAT Calls: 13
      Num of start solver SAT Calls: 23
Time of total SAT Calls: 30.28
      Time of main solver SAT Calls: 30
      Time of inv solver SAT Calls: 0.15
      Time of start solver SAT Calls: 0.13
Num of clause contain: 381
Time of clause contain: 0
Num of clause contain success: 180
Clause contain successful rate: 0.472441
Num of state contain: 1067
Time of state contain: 0.07
Total Time: 72.2
