Frame 0
1 
Frame 1
1 1 
Frame 0
1 
Frame 1
1 1 
Frame 0
1 
Frame 1
1 1 
Frame 0
1 
Frame 1
1 1 
Time of model construct: 0.17
Num of total SAT Calls: 68
      Num of main solver SAT Calls: 56
      Num of inv solver SAT Calls: 4
      Num of start solver SAT Calls: 8
Time of total SAT Calls: 4.92
      Time of main solver SAT Calls: 4.82
      Time of inv solver SAT Calls: 0.05
      Time of start solver SAT Calls: 0.05
Num of clause contain: 20
Time of clause contain: 0
Num of clause contain success: 0
Clause contain successful rate: 0
Num of state contain: 44
Time of state contain: 0.01
Total Time: 6.46
