Frame 0
1 
Frame 1
1 1 
Frame 2
7 8 3 
Frame 0
1 
Frame 1
1 1 
Frame 2
17 8 3 
Frame 0
1 
Frame 1
1 1 
Frame 2
10 6 2 
Frame 0
1 
Frame 1
1 1 
Frame 2
11 9 4 
Frame 0
1 
Frame 1
1 1 
Frame 2
6 6 3 
Frame 0
1 
Frame 1
1 1 
Frame 2
17 11 5 
Frame 3
23 21 16 11 
Frame 4
34 28 21 14 6 
Frame 0
1 
Frame 1
1 1 
Frame 2
6 4 3 
Frame 0
1 
Frame 1
1 1 
Frame 2
11 5 2 
Frame 0
1 
Frame 1
1 1 
Frame 2
4 4 3 
Frame 0
1 
Frame 1
1 1 
Frame 2
7 5 2 
Frame 0
1 
Frame 1
1 1 
Frame 2
8 8 3 
Frame 3
154 9 5 4 
Frame 4
180 13 6 5 3 
Frame 5
252 162 9 7 5 3 
Frame 0
1 
Frame 1
1 1 
Frame 2
9 7 3 
Frame 3
18 17 10 5 
Frame 4
62 63 61 45 13 
Frame 5
84 85 84 66 61 51 
Frame 0
1 
Frame 1
1 1 
Frame 2
10 6 2 
Frame 3
20 21 12 5 
Frame 4
74 57 42 28 15 
Frame 5
95 107 97 82 73 44 
Frame 0
1 
Frame 1
1 1 
Frame 2
5 5 3 
Frame 0
1 
Frame 1
1 1 
Frame 2
20 10 3 
Frame 3
33 21 10 4 
Frame 4
35 24 19 9 6 
Frame 5
42 27 29 14 12 6 
Frame 0
1 
Frame 1
1 1 
Frame 2
11 4 3 
Frame 0
1 
Frame 1
1 1 
Frame 2
9 5 3 
Frame 0
1 
Frame 1
1 1 
Frame 2
21 6 3 
Frame 0
1 
Frame 1
1 1 
Frame 2
8 5 3 
Frame 0
1 
Frame 1
1 1 
Frame 2
18 5 3 
Frame 0
1 
Frame 1
1 1 
Frame 2
6 5 3 
Frame 3
15 16 12 4 
Frame 4
19 24 20 16 14 
Frame 5
23 32 28 24 22 20 
Frame 0
1 
Frame 1
1 1 
Frame 0
1 
Frame 1
1 1 
Frame 2
12 5 2 
Frame 3
18 10 8 6 
Frame 4
21 15 12 9 5 
Frame 5
25 24 22 19 16 14 
Frame 0
1 
Frame 1
1 1 
Frame 2
6 4 3 
Frame 0
1 
Frame 1
1 1 
Frame 2
5 5 3 
Frame 0
1 
Frame 1
1 1 
Frame 2
7 7 3 
Frame 0
1 
Frame 1
1 1 
Frame 2
8 5 2 
Frame 3
60 17 8 5 
Frame 4
122 92 73 57 38 
Frame 5
184 162 145 124 104 86 
Frame 0
1 
Frame 1
1 1 
Frame 2
7 7 2 
Frame 0
1 
Frame 1
1 1 
Frame 2
7 4 3 
Frame 3
9 5 4 3 
Frame 4
10 12 9 4 3 
Frame 5
13 18 12 6 5 3 
Frame 0
1 
Frame 1
1 1 
Frame 2
7 4 2 
Frame 0
1 
Frame 1
1 1 
Frame 2
9 5 3 
Frame 0
1 
Frame 1
1 1 
Frame 2
13 7 3 
Frame 0
1 
Frame 1
1 1 
Frame 2
7 4 3 
Frame 0
1 
Frame 1
1 1 
Frame 0
1 
Frame 1
1 1 
Frame 2
5 4 3 
Frame 0
1 
Frame 1
1 1 
Frame 2
9 5 2 
Frame 0
1 
Frame 1
1 1 
Frame 2
12 6 2 
Frame 0
1 
Frame 1
1 1 
Frame 2
12 6 2 
Frame 0
1 
Frame 1
1 1 
Frame 2
15 6 2 
Frame 0
1 
Frame 1
1 1 
Frame 2
11 5 2 
Frame 3
24 25 19 4 
Frame 0
1 
Frame 1
1 1 
Frame 2
12 5 2 
Frame 0
1 
Frame 1
1 1 
Frame 2
25 5 3 
Frame 0
1 
Frame 1
1 1 
Frame 2
6 5 3 
Frame 0
1 
Frame 1
1 1 
Frame 2
11 6 2 
Frame 0
1 
Frame 1
1 1 
Frame 2
13 6 3 
Frame 3
17 15 14 6 
Frame 4
21 23 22 14 11 
Frame 5
25 31 30 22 19 17 
Frame 0
1 
Frame 1
1 1 
Frame 2
10 6 2 
Frame 0
1 
Frame 1
1 1 
Frame 2
8 5 3 
Frame 0
1 
Frame 1
1 1 
Frame 2
8 7 3 
Frame 0
1 
Frame 1
1 1 
Frame 2
6 4 3 
Frame 0
1 
Frame 1
1 1 
Frame 2
6 5 2 
Frame 0
1 
Frame 1
1 1 
Frame 2
7 4 3 
Frame 0
1 
Frame 1
1 1 
Frame 2
8 5 2 
Frame 3
21 12 9 4 
Frame 4
53 51 42 28 17 
Frame 5
79 80 73 60 53 45 
Frame 0
1 
Frame 1
1 1 
Frame 2
5 4 3 
Frame 3
14 9 7 4 
Frame 4
18 19 17 14 12 
Frame 5
22 28 25 22 20 18 
Frame 0
1 
Frame 1
1 1 
Frame 2
10 6 3 
Frame 0
1 
Frame 1
1 1 
Frame 2
14 8 2 
Frame 0
1 
Frame 1
1 1 
Frame 2
9 7 3 
Frame 0
1 
Frame 1
1 1 
Frame 2
10 6 3 
Frame 0
1 
Frame 1
1 1 
Frame 2
10 7 3 
Frame 0
1 
Frame 1
1 1 
Frame 0
1 
Frame 1
1 1 
Frame 2
7 4 3 
Frame 0
1 
Frame 1
1 1 
Frame 2
7 5 3 
Frame 3
13 6 4 3 
Frame 4
29 8 5 4 3 
Frame 5
57 19 8 6 5 3 
Frame 0
1 
Frame 1
1 1 
Frame 2
9 5 3 
Frame 3
16 6 5 4 
Frame 4
23 8 6 5 3 
Frame 5
35 18 8 7 5 4 
Frame 0
1 
Frame 1
1 1 
Frame 2
7 4 3 
Frame 3
10 5 4 3 
Frame 4
11 7 5 4 3 
Frame 5
13 12 7 6 5 3 
Frame 0
1 
Frame 1
1 1 
Frame 2
7 6 3 
Frame 3
48 10 6 4 
Frame 4
117 99 77 53 39 
