Frame 0
1 
Frame 1
1 1 
Frame 2
9 6 4 
Frame 0
1 
Frame 1
1 1 
Frame 2
2 5 4 
Frame 3
2 5 4 3 
Frame 4
8 5 6 6 4 
Frame 0
1 
Frame 1
1 1 
Frame 2
2 11 3 
Frame 3
2 11 6 2 
Frame 4
6 5 9 6 2 
Frame 5
6 7 12 12 12 7 
Frame 0
1 
Frame 1
1 1 
Frame 2
6 5 3 
Frame 3
6 7 8 6 
Frame 0
1 
Frame 1
1 1 
Frame 2
8 4 4 
Frame 0
1 
Frame 1
1 1 
Frame 2
2 5 4 
Frame 3
2 5 4 3 
Frame 4
8 5 9 7 4 
Frame 0
1 
Frame 1
1 1 
Frame 2
4 3 2 
Frame 0
1 
Frame 1
6 2 
Frame 2
8 5 6 
Frame 0
1 
Frame 1
1 1 
Frame 2
2 5 5 
Frame 3
2 5 5 4 
Frame 4
6 5 8 7 5 
Frame 0
1 
Frame 1
1 1 
Frame 2
6 4 3 
Frame 3
6 6 8 5 
Time of model construct: 0.14
Num of total SAT Calls: 1179
      Num of main solver SAT Calls: 1079
      Num of inv solver SAT Calls: 59
      Num of start solver SAT Calls: 41
Time of total SAT Calls: 37.64
      Time of main solver SAT Calls: 36.83
      Time of inv solver SAT Calls: 0.63
      Time of start solver SAT Calls: 0.18
Num of clause contain: 437
Time of clause contain: 0.01
Num of clause contain success: 110
Clause contain successful rate: 0.251716
Num of state contain: 1145
Time of state contain: 0.12
Total Time: 41.5
