Frame 0
1 
Frame 1
1 1 
Frame 0
1 
Frame 1
1 1 
Frame 0
1 
Frame 1
1 1 
Time of model construct: 0.15
Num of total SAT Calls: 39
      Num of main solver SAT Calls: 30
      Num of inv solver SAT Calls: 3
      Num of start solver SAT Calls: 6
Time of total SAT Calls: 2.07
      Time of main solver SAT Calls: 2.01
      Time of inv solver SAT Calls: 0.03
      Time of start solver SAT Calls: 0.03
Num of clause contain: 9
Time of clause contain: 0
Num of clause contain success: 0
Clause contain successful rate: 0
Num of state contain: 21
Time of state contain: 0
Total Time: 3.17
