Frame 0
1 
Frame 1
1 1 
Frame 2
3 2 2 
Frame 3
5 5 5 3 
Frame 0
1 
Frame 1
1 1 
Frame 2
3 2 2 
Frame 3
5 3 4 3 
Frame 0
1 
Frame 1
1 1 
Frame 2
3 2 2 
Frame 3
5 3 4 3 
Frame 0
1 
Frame 1
1 1 
Frame 2
10 6 3 
Frame 3
14 10 20 2 
Frame 0
1 
Frame 1
1 1 
Frame 2
8 4 2 
Frame 3
11 8 11 2 
Frame 0
1 
Frame 1
1 1 
Frame 2
12 11 3 
Frame 3
16 10 14 2 
Frame 0
1 
Frame 1
1 1 
Frame 2
6 5 3 
Frame 0
1 
Frame 1
1 1 
Frame 2
7 11 2 
Frame 3
9 11 11 2 
Frame 0
1 
Frame 1
1 1 
Frame 2
7 7 3 
Frame 3
9 10 15 2 
Frame 0
1 
Frame 1
1 1 
Frame 2
8 4 2 
Frame 3
14 5 14 3 
Frame 0
1 
Frame 1
1 1 
Frame 2
7 4 3 
Frame 3
10 7 12 3 
Frame 0
1 
Frame 1
1 1 
Frame 2
8 11 3 
Frame 3
10 12 8 2 
Frame 0
1 
Frame 1
1 1 
Frame 2
7 9 2 
Frame 3
10 10 11 3 
Frame 0
1 
Frame 1
1 1 
Frame 2
6 6 3 
Frame 3
13 7 14 2 
Frame 0
1 
Frame 1
1 1 
Frame 2
6 5 3 
Frame 3
9 8 13 2 
Frame 0
1 
Frame 1
1 1 
Frame 2
9 7 2 
Frame 3
12 9 13 2 
Frame 0
1 
Frame 1
1 1 
Frame 2
8 6 5 
Frame 3
10 6 13 2 
Frame 0
1 
Frame 1
1 1 
Frame 2
8 14 3 
Frame 0
1 
Frame 1
1 1 
Frame 2
7 5 2 
Frame 3
11 9 8 3 
Frame 0
1 
Frame 1
1 1 
Frame 2
8 5 3 
Frame 0
1 
Frame 1
1 1 
Frame 2
11 6 4 
Frame 0
1 
Frame 1
1 1 
Frame 2
12 4 2 
Frame 0
1 
Frame 1
1 1 
Frame 2
10 5 2 
Frame 0
1 
Frame 1
1 1 
Frame 2
9 8 3 
Frame 0
1 
Frame 1
1 1 
Frame 2
10 5 2 
Frame 0
1 
Frame 1
1 1 
Frame 2
12 5 3 
Frame 0
1 
Frame 1
1 1 
Frame 2
10 6 3 
Frame 0
1 
Frame 1
1 1 
Frame 2
11 12 3 
Frame 0
1 
Frame 1
1 1 
Frame 2
12 6 2 
Frame 0
1 
Frame 1
1 1 
Frame 0
1 
Frame 1
1 1 
Frame 2
7 11 4 
Frame 0
1 
Frame 1
1 1 
Frame 2
16 12 3 
Frame 0
1 
Frame 1
1 1 
Frame 2
10 10 3 
Frame 0
1 
Frame 1
1 1 
Frame 2
9 12 3 
Frame 0
1 
Frame 1
1 1 
Frame 2
8 5 2 
Frame 0
1 
Frame 1
1 1 
Frame 2
10 5 2 
Frame 0
1 
Frame 1
1 1 
Frame 2
10 6 4 
Frame 0
1 
Frame 1
1 1 
Frame 2
14 5 2 
Frame 0
1 
Frame 1
1 1 
Frame 2
13 7 3 
Frame 0
1 
Frame 1
1 1 
Frame 2
10 6 2 
Frame 0
1 
Frame 1
1 1 
Frame 2
8 4 2 
Frame 0
1 
Frame 1
1 1 
Frame 2
10 5 2 
Frame 0
1 
Frame 1
1 1 
Frame 0
1 
Frame 1
1 1 
Frame 2
9 4 2 
Frame 0
1 
Frame 1
1 1 
Frame 2
10 5 2 
Frame 0
1 
Frame 1
1 1 
Frame 2
8 10 3 
Frame 3
10 9 9 2 
Frame 0
1 
Frame 1
1 1 
Frame 2
5 4 3 
Frame 0
1 
Frame 1
1 1 
Frame 2
7 9 3 
Frame 3
10 10 11 2 
Frame 0
1 
Frame 1
1 1 
Frame 2
7 9 3 
Frame 3
10 10 35 3 
Frame 0
1 
Frame 1
1 1 
Frame 2
13 25 2 
Frame 3
15 27 32 6 
Frame 0
1 
Frame 1
1 1 
Frame 2
8 9 3 
Frame 3
11 10 23 2 
Frame 0
1 
Frame 1
1 1 
Frame 2
17 13 3 
Frame 3
18 11 18 6 
Frame 0
1 
Frame 1
1 1 
Frame 2
9 9 4 
Frame 3
11 11 13 4 
Frame 0
1 
Frame 1
1 1 
Frame 2
11 33 3 
Frame 3
14 23 36 3 
Frame 0
1 
Frame 1
1 1 
Frame 2
8 8 3 
Frame 3
13 14 23 3 
Frame 0
1 
Frame 1
1 1 
Frame 2
7 6 2 
Frame 3
9 7 7 2 
Frame 0
1 
Frame 1
1 1 
Frame 2
12 9 3 
Frame 3
14 9 6 2 
Frame 0
1 
Frame 1
1 1 
Frame 2
7 7 2 
Frame 3
9 14 48 2 
Frame 0
1 
Frame 1
1 1 
Frame 2
7 5 3 
Frame 3
9 7 23 2 
Frame 0
1 
Frame 1
1 1 
Frame 2
7 6 3 
Frame 0
1 
Frame 1
1 1 
Frame 2
6 8 5 
Frame 3
6 8 5 3 
Frame 4
6 8 5 3 3 
Frame 0
1 
Frame 1
1 1 
Frame 2
8 4 2 
Frame 0
1 
Frame 1
1 1 
Frame 2
6 3 2 
Frame 3
9 5 7 3 
Frame 0
1 
Frame 1
1 1 
Frame 2
5 2 2 
Frame 3
8 6 12 3 
Frame 0
1 
Frame 1
1 1 
Frame 2
6 3 2 
Frame 0
1 
Frame 1
1 1 
Frame 2
10 5 3 
Frame 3
13 9 12 2 
Frame 0
1 
Frame 1
1 1 
Frame 2
7 5 2 
Frame 3
10 9 6 3 
Frame 0
1 
Frame 1
1 1 
Frame 2
12 12 3 
Frame 3
23 28 38 4 
Frame 0
1 
Frame 1
1 1 
Frame 2
7 8 3 
Frame 3
19 10 13 3 
Frame 0
1 
Frame 1
1 1 
Frame 2
6 9 3 
Frame 3
10 12 14 5 
Frame 0
1 
Frame 1
1 1 
Frame 2
10 8 5 
Frame 3
16 10 21 6 
Frame 0
1 
Frame 1
1 1 
Frame 2
7 9 2 
Frame 3
10 11 13 4 
Frame 0
1 
Frame 1
1 1 
Frame 2
7 10 4 
Frame 3
10 8 11 3 
Frame 0
1 
Frame 1
1 1 
Frame 2
7 5 3 
Frame 0
1 
Frame 1
1 1 
Frame 2
6 6 3 
