Frame 0
1 
Frame 1
1 1 
Frame 0
1 
Frame 1
1 1 
Frame 0
1 
Frame 1
1 1 
Frame 0
1 
Frame 1
1 1 
Frame 0
1 
Frame 1
1 1 
Frame 0
1 
Frame 1
1 1 
Frame 0
1 
Frame 1
1 1 
Frame 0
1 
Frame 1
1 1 
Frame 0
1 
Frame 1
1 1 
Frame 0
1 
Frame 1
1 1 
Frame 0
1 
Frame 1
1 1 
Frame 0
1 
Frame 1
1 1 
Frame 0
1 
Frame 1
1 1 
Frame 0
1 
Frame 1
1 1 
Frame 0
1 
Frame 1
1 1 
Frame 0
1 
Frame 1
1 1 
Frame 0
1 
Frame 1
1 1 
Frame 0
1 
Frame 1
1 1 
Frame 0
1 
Frame 1
1 1 
Time of model construct: 0.19
Num of total SAT Calls: 425
      Num of main solver SAT Calls: 368
      Num of inv solver SAT Calls: 19
      Num of start solver SAT Calls: 38
Time of total SAT Calls: 20.05
      Time of main solver SAT Calls: 19.59
      Time of inv solver SAT Calls: 0.21
      Time of start solver SAT Calls: 0.25
Num of clause contain: 96
Time of clause contain: 0
Num of clause contain success: 36
Clause contain successful rate: 0.375
Num of state contain: 230
Time of state contain: 0.01
Total Time: 46.59
