Frame 0
1 
Frame 1
1 1 
Frame 2
11 5 3 
Frame 3
17 10 21 5 
Frame 4
17 10 35 8 11 
Frame 0
1 
Frame 1
1 1 
Frame 2
11 3 2 
Frame 3
20 7 8 3 
Frame 0
1 
Frame 1
1 1 
Frame 2
41 6 2 
Frame 3
41 7 17 4 
Frame 0
1 
Frame 1
1 1 
Frame 2
9 3 2 
Frame 3
16 6 7 3 
Time of model construct: 0.19
Num of total SAT Calls: 1303
      Num of main solver SAT Calls: 1261
      Num of inv solver SAT Calls: 25
      Num of start solver SAT Calls: 17
Time of total SAT Calls: 49.13
      Time of main solver SAT Calls: 48.77
      Time of inv solver SAT Calls: 0.29
      Time of start solver SAT Calls: 0.07
Num of clause contain: 513
Time of clause contain: 0
Num of clause contain success: 191
Clause contain successful rate: 0.37232
Num of state contain: 1810
Time of state contain: 0.32
Total Time: 52.01
