Frame 0
1 
Frame 1
1 1 
Time of model construct: 0.16
Num of total SAT Calls: 240
      Num of main solver SAT Calls: 237
      Num of inv solver SAT Calls: 1
      Num of start solver SAT Calls: 2
Time of total SAT Calls: 3.25
      Time of main solver SAT Calls: 3.23
      Time of inv solver SAT Calls: 0.01
      Time of start solver SAT Calls: 0.01
Num of clause contain: 10
Time of clause contain: 0
Num of clause contain success: 0
Clause contain successful rate: 0
Num of state contain: 28
Time of state contain: 0
Total Time: 47.17
