Frame 0
1 
Frame 1
1 1 
Frame 0
1 
Frame 1
1 1 
Time of model construct: 0.19
Num of total SAT Calls: 106
      Num of main solver SAT Calls: 100
      Num of inv solver SAT Calls: 2
      Num of start solver SAT Calls: 4
Time of total SAT Calls: 2.94
      Time of main solver SAT Calls: 2.88
      Time of inv solver SAT Calls: 0.03
      Time of start solver SAT Calls: 0.03
Num of clause contain: 6
Time of clause contain: 0
Num of clause contain success: 0
Clause contain successful rate: 0
Num of state contain: 14
Time of state contain: 0
Total Time: 24.03
