Frame 0
1 
Frame 0
1 
Frame 0
1 
Frame 0
1 
Time of model construct: 0.12
Num of total SAT Calls: 28
      Num of main solver SAT Calls: 24
      Num of inv solver SAT Calls: 0
      Num of start solver SAT Calls: 4
Time of total SAT Calls: 0.55
      Time of main solver SAT Calls: 0.51
      Time of inv solver SAT Calls: 0
      Time of start solver SAT Calls: 0.04
Num of clause contain: 8
Time of clause contain: 0
Num of clause contain success: 0
Clause contain successful rate: 0
Num of state contain: 20
Time of state contain: 0
Total Time: 1.51
