Frame 0
1 
Frame 1
1 1 
Frame 0
1 
Frame 1
1 1 
Time of model construct: 0.18
Num of total SAT Calls: 66
      Num of main solver SAT Calls: 60
      Num of inv solver SAT Calls: 2
      Num of start solver SAT Calls: 4
Time of total SAT Calls: 3.25
      Time of main solver SAT Calls: 3.19
      Time of inv solver SAT Calls: 0.03
      Time of start solver SAT Calls: 0.03
Num of clause contain: 27
Time of clause contain: 0
Num of clause contain success: 2
Clause contain successful rate: 0.0740741
Num of state contain: 54
Time of state contain: 0
Total Time: 4.17
