Frame 0
1 
Frame 1
1 1 
Frame 2
23 7 2 
Frame 0
1 
Frame 1
1 1 
Frame 2
32 5 2 
Frame 0
1 
Frame 1
1 1 
Frame 2
21 5 2 
Frame 0
1 
Frame 1
1 1 
Frame 2
14 7 2 
Frame 0
1 
Frame 1
1 1 
Frame 2
16 5 2 
Frame 0
1 
Frame 1
1 1 
Frame 2
23 4 3 
Frame 0
1 
Frame 1
1 1 
Frame 2
23 8 2 
Frame 0
1 
Frame 1
1 1 
Frame 2
19 5 2 
Frame 0
1 
Frame 1
1 1 
Frame 2
30 6 3 
Frame 0
1 
Frame 1
1 1 
Frame 2
27 11 2 
Frame 0
1 
Frame 1
1 1 
Frame 2
29 15 3 
Frame 0
1 
Frame 1
1 1 
Frame 2
25 7 3 
Frame 0
1 
Frame 1
1 1 
Frame 2
25 9 3 
Frame 0
1 
Frame 1
1 1 
Frame 2
31 8 4 
Time of model construct: 0.18
Num of total SAT Calls: 4166
      Num of main solver SAT Calls: 4082
      Num of inv solver SAT Calls: 42
      Num of start solver SAT Calls: 42
Time of total SAT Calls: 134.55
      Time of main solver SAT Calls: 133.84
      Time of inv solver SAT Calls: 0.5
      Time of start solver SAT Calls: 0.21
Num of clause contain: 1831
Time of clause contain: 0.01
Num of clause contain success: 586
Clause contain successful rate: 0.320044
Num of state contain: 6191
Time of state contain: 1.1
Total Time: 143.28
