Frame 0
1 
Frame 1
1 1 
Frame 2
3 3 2 
Frame 3
6 6 8 3 
Frame 0
1 
Frame 1
1 1 
Frame 2
3 2 2 
Frame 3
5 3 4 3 
Frame 0
1 
Frame 1
1 1 
Frame 2
3 2 2 
Frame 3
4 3 5 4 
Frame 0
1 
Frame 1
1 1 
Frame 2
9 4 3 
Frame 3
13 9 14 2 
Frame 0
1 
Frame 1
1 1 
Frame 2
9 4 2 
Frame 3
12 9 12 2 
Frame 0
1 
Frame 1
1 1 
Frame 2
8 14 3 
Frame 3
11 12 19 3 
Frame 0
1 
Frame 1
1 1 
Frame 2
7 3 2 
Frame 0
1 
Frame 1
1 1 
Frame 2
10 12 3 
Frame 3
12 12 11 2 
Frame 0
1 
Frame 1
1 1 
Frame 2
6 7 3 
Frame 3
8 9 18 2 
Frame 4
9 11 32 7 5 
Frame 0
1 
Frame 1
1 1 
Frame 2
13 6 2 
Frame 3
16 8 11 3 
Frame 0
1 
Frame 1
1 1 
Frame 2
7 4 3 
Frame 3
10 7 13 3 
Frame 0
1 
Frame 1
1 1 
Frame 2
7 6 2 
Frame 3
9 7 11 3 
Frame 0
1 
Frame 1
1 1 
Frame 2
7 14 2 
Frame 3
10 11 12 2 
Frame 0
1 
Frame 1
1 1 
Frame 2
10 7 2 
Frame 3
14 8 13 3 
Frame 0
1 
Frame 1
1 1 
Frame 2
7 6 2 
Frame 3
10 7 10 3 
Frame 0
1 
Frame 1
1 1 
Frame 2
9 4 3 
Frame 3
19 8 19 2 
Frame 0
1 
Frame 1
1 1 
Frame 2
7 4 3 
Frame 3
10 7 11 2 
Frame 0
1 
Frame 1
1 1 
Frame 2
11 4 2 
Frame 0
1 
Frame 1
1 1 
Frame 2
15 8 2 
Frame 3
17 10 14 3 
Frame 0
1 
Frame 1
1 1 
Frame 2
10 4 3 
Frame 0
1 
Frame 1
1 1 
Frame 2
10 5 4 
Frame 0
1 
Frame 1
1 1 
Frame 2
10 5 3 
Frame 0
1 
Frame 1
1 1 
Frame 2
10 5 2 
Frame 0
1 
Frame 1
1 1 
Frame 2
10 11 4 
Frame 0
1 
Frame 1
1 1 
Frame 2
10 7 4 
Frame 0
1 
Frame 1
1 1 
Frame 2
12 7 2 
Frame 0
1 
Frame 1
1 1 
Frame 2
10 7 3 
Frame 0
1 
Frame 1
1 1 
Frame 2
14 6 3 
Frame 0
1 
Frame 1
1 1 
Frame 2
11 4 2 
Frame 0
1 
Frame 1
1 1 
Frame 0
1 
Frame 1
1 1 
Frame 2
9 10 4 
Frame 0
1 
Frame 1
1 1 
Frame 2
14 12 3 
Frame 0
1 
Frame 1
1 1 
Frame 2
7 9 2 
Frame 0
1 
Frame 1
1 1 
Frame 2
7 11 4 
Frame 0
1 
Frame 1
1 1 
Frame 2
7 5 2 
Frame 0
1 
Frame 1
1 1 
Frame 2
12 11 2 
Frame 0
1 
Frame 1
1 1 
Frame 2
10 4 3 
Frame 0
1 
Frame 1
1 1 
Frame 2
11 6 2 
Frame 0
1 
Frame 1
1 1 
Frame 2
10 6 3 
Frame 0
1 
Frame 1
1 1 
Frame 2
12 6 2 
Frame 0
1 
Frame 1
1 1 
Frame 2
8 4 2 
Frame 0
1 
Frame 1
1 1 
Frame 2
9 4 2 
Frame 0
1 
Frame 1
1 1 
Frame 0
1 
Frame 1
1 1 
Frame 2
10 6 2 
Frame 0
1 
Frame 1
1 1 
Frame 2
10 10 2 
Frame 0
1 
Frame 1
1 1 
Frame 2
7 6 3 
Frame 3
9 12 12 3 
Frame 0
1 
Frame 1
1 1 
Frame 2
6 5 2 
Frame 0
1 
Frame 1
1 1 
Frame 2
8 9 3 
Frame 3
10 12 28 3 
Frame 0
1 
Frame 1
1 1 
Frame 2
7 4 5 
Frame 3
9 6 25 3 
Frame 0
1 
Frame 1
1 1 
Frame 2
8 11 3 
Frame 3
12 13 26 2 
Frame 0
1 
Frame 1
1 1 
Frame 2
9 6 2 
Frame 3
11 7 17 4 
Frame 4
16 9 25 5 4 
Frame 0
1 
Frame 1
1 1 
Frame 2
8 6 3 
Frame 3
10 7 16 3 
Frame 0
1 
Frame 1
1 1 
Frame 2
8 7 3 
Frame 3
10 9 14 2 
Frame 0
1 
Frame 1
1 1 
Frame 2
12 10 3 
Frame 3
16 6 18 4 
Frame 0
1 
Frame 1
1 1 
Frame 2
14 15 3 
Frame 3
18 13 6 2 
Frame 0
1 
Frame 1
1 1 
Frame 2
7 5 3 
Frame 3
9 10 23 3 
Frame 0
1 
Frame 1
1 1 
Frame 2
8 9 2 
Frame 3
10 8 9 3 
Frame 0
1 
Frame 1
1 1 
Frame 2
8 4 2 
Frame 3
10 9 20 3 
Frame 0
1 
Frame 1
1 1 
Frame 2
9 7 2 
Frame 3
11 8 12 2 
Frame 0
1 
Frame 1
1 1 
Frame 2
8 13 2 
Frame 0
1 
Frame 1
1 1 
Frame 2
6 8 5 
Frame 3
6 8 5 3 
Frame 4
6 8 5 3 3 
Frame 0
1 
Frame 1
1 1 
Frame 2
7 4 2 
Frame 0
1 
Frame 1
1 1 
Frame 2
6 3 2 
Frame 3
10 6 6 3 
Frame 0
1 
Frame 1
1 1 
Frame 2
5 3 2 
Frame 3
9 6 12 3 
Frame 0
1 
Frame 1
1 1 
Frame 2
9 4 3 
Frame 0
1 
Frame 1
1 1 
Frame 2
6 8 3 
Frame 3
12 9 18 4 
Frame 0
1 
Frame 1
1 1 
Frame 2
8 7 2 
