Frame 0
1 
Frame 1
1 1 
Frame 2
12 4 2 
Frame 0
1 
Frame 1
1 1 
Frame 2
7 3 2 
Frame 0
1 
Frame 1
1 1 
Frame 2
11 5 2 
Frame 0
1 
Frame 1
1 1 
Frame 2
14 7 3 
Frame 0
1 
Frame 1
1 1 
Frame 2
16 4 2 
Frame 0
1 
Frame 1
1 1 
Frame 2
22 9 3 
Frame 3
45 16 21 3 
Frame 0
1 
Frame 1
1 1 
Frame 2
12 6 3 
Frame 0
1 
Frame 1
1 1 
Frame 2
6 3 2 
Frame 3
21 12 39 4 
Frame 0
1 
Frame 1
1 1 
Frame 2
16 7 3 
Frame 0
1 
Frame 1
1 1 
Frame 2
12 9 3 
Frame 0
1 
Frame 1
1 1 
Frame 2
16 7 2 
Frame 0
1 
Frame 1
1 1 
Frame 2
14 7 3 
Frame 0
1 
Frame 1
1 1 
Frame 2
9 4 3 
Frame 0
1 
Frame 1
1 1 
Frame 2
18 9 2 
Frame 3
32 18 11 5 
Frame 0
1 
Frame 1
1 1 
Frame 2
17 6 3 
Frame 3
24 10 6 5 
Frame 0
1 
Frame 1
1 1 
Frame 2
11 3 2 
Frame 0
1 
Frame 1
1 1 
Frame 2
9 3 2 
Frame 3
12 5 4 3 
Frame 0
1 
Frame 1
1 1 
Frame 2
8 4 2 
Frame 0
1 
Frame 1
1 1 
Frame 2
8 5 3 
Frame 3
20 7 5 4 
Frame 0
1 
Frame 1
1 1 
Frame 2
8 5 3 
Frame 0
1 
Frame 1
1 1 
Frame 2
14 8 2 
Frame 3
41 20 19 6 
Frame 0
1 
Frame 1
1 1 
Frame 2
9 3 2 
Frame 3
32 18 13 2 
Frame 0
1 
Frame 1
1 1 
Frame 2
9 3 2 
Frame 3
28 15 21 4 
Frame 0
1 
Frame 1
1 1 
Frame 2
24 8 2 
Frame 0
1 
Frame 1
1 1 
Frame 2
13 8 3 
Frame 3
49 15 8 3 
Frame 0
1 
Frame 1
1 1 
Frame 2
13 4 3 
Frame 0
1 
Frame 1
1 1 
Frame 2
12 5 2 
Frame 3
42 14 18 3 
Frame 0
1 
Frame 1
1 1 
Frame 2
13 6 2 
Frame 0
1 
Frame 1
1 1 
Frame 2
14 7 2 
Frame 0
1 
Frame 1
1 1 
Frame 2
11 5 3 
Frame 0
1 
Frame 1
1 1 
Frame 2
7 4 2 
Frame 0
1 
Frame 1
1 1 
Frame 2
17 5 3 
Frame 0
1 
Frame 1
1 1 
Frame 2
19 5 3 
Frame 0
1 
Frame 1
1 1 
Frame 2
16 8 4 
Frame 3
20 18 8 7 
Frame 0
1 
Frame 1
1 1 
Frame 2
18 7 3 
Frame 0
1 
Frame 1
1 1 
Frame 2
13 7 3 
Frame 0
1 
Frame 1
1 1 
Frame 2
19 7 4 
Frame 3
28 13 7 6 
Frame 0
1 
Frame 1
1 1 
Frame 2
13 5 2 
Frame 0
1 
Frame 1
1 1 
Frame 2
11 6 2 
Frame 0
1 
Frame 1
1 1 
Frame 2
16 5 3 
Frame 3
24 11 7 5 
Frame 0
1 
Frame 1
1 1 
Frame 2
9 5 2 
Frame 0
1 
Frame 1
1 1 
Frame 2
15 6 5 
Frame 3
27 7 6 5 
Frame 0
1 
Frame 1
1 1 
Frame 0
1 
Frame 1
1 1 
Frame 0
1 
Frame 1
1 1 
Frame 2
10 4 3 
Frame 0
1 
Frame 1
1 1 
Frame 2
7 5 2 
Frame 0
1 
Frame 1
1 1 
Frame 2
8 4 3 
Frame 3
33 23 6 3 
Frame 0
1 
Frame 1
1 1 
Frame 2
7 4 2 
Frame 0
1 
Frame 1
1 1 
Frame 2
8 4 3 
Frame 3
8 4 3 2 
Frame 0
1 
Frame 1
1 1 
Frame 2
14 5 2 
Frame 0
1 
Frame 1
1 1 
Frame 2
19 5 2 
Frame 0
1 
Frame 1
1 1 
Frame 2
7 4 3 
Frame 0
1 
Frame 1
1 1 
Frame 2
16 6 3 
Frame 3
20 9 5 4 
Frame 4
42 34 18 6 4 
Frame 0
1 
Frame 1
1 1 
Frame 2
13 7 3 
Frame 0
1 
Frame 1
1 1 
Frame 2
15 6 5 
Frame 3
20 10 7 5 
Frame 0
1 
Frame 1
1 1 
Frame 2
15 5 2 
Frame 0
1 
Frame 1
1 1 
Frame 2
7 5 4 
Frame 3
11 7 5 4 
Frame 0
1 
Frame 1
1 1 
Frame 2
12 7 3 
Frame 0
1 
Frame 1
1 1 
Frame 2
13 5 3 
Frame 3
22 7 5 4 
Frame 0
1 
Frame 1
1 1 
Frame 2
46 5 2 
Frame 0
1 
Frame 1
1 1 
Frame 2
18 5 2 
Frame 0
1 
Frame 1
1 1 
Frame 2
16 4 2 
Frame 3
30 11 16 5 
Frame 0
1 
Frame 1
1 1 
Frame 2
36 8 2 
Frame 3
77 32 21 5 
Frame 0
1 
Frame 1
1 1 
Frame 2
31 4 3 
