Frame 0
1 
Frame 1
1 1 
Frame 0
1 
Frame 1
1 1 
Frame 2
7 4 2 
Frame 0
1 
Frame 1
1 1 
Frame 0
1 
Frame 1
1 1 
Frame 0
1 
Frame 1
1 1 
Frame 0
1 
Frame 1
1 1 
Frame 0
1 
Frame 1
1 1 
Frame 0
1 
Frame 1
1 1 
Frame 0
1 
Frame 1
1 1 
Frame 0
1 
Frame 1
1 1 
Frame 0
1 
Frame 1
1 1 
Frame 0
1 
Frame 1
1 1 
Frame 0
1 
Frame 1
1 1 
Frame 0
1 
Frame 1
1 1 
Frame 0
1 
Frame 1
1 1 
Frame 0
1 
Frame 1
1 1 
Frame 0
1 
Frame 1
1 1 
Frame 0
1 
Frame 1
1 1 
Frame 0
1 
Frame 1
1 1 
Frame 0
1 
Frame 1
1 1 
Frame 0
1 
Frame 1
1 1 
Frame 0
1 
Frame 1
1 1 
Time of model construct: 0.18
Num of total SAT Calls: 574
      Num of main solver SAT Calls: 505
      Num of inv solver SAT Calls: 24
      Num of start solver SAT Calls: 45
Time of total SAT Calls: 33.14
      Time of main solver SAT Calls: 32.58
      Time of inv solver SAT Calls: 0.3
      Time of start solver SAT Calls: 0.26
Num of clause contain: 204
Time of clause contain: 0
Num of clause contain success: 16
Clause contain successful rate: 0.0784314
Num of state contain: 601
Time of state contain: 0.02
Total Time: 40.53
