Frame 0
1 
Frame 1
1 1 
Frame 2
35 9 2 
Frame 0
1 
Frame 1
1 1 
Frame 2
20 7 3 
Frame 3
282 127 579 4 
Frame 4
220 263 691 92 78 
Frame 0
1 
Frame 1
1 1 
Frame 2
48 9 2 
Frame 0
1 
Frame 1
1 1 
Frame 0
1 
Frame 1
1 1 
Frame 2
30 6 2 
Frame 3
73 28 43 25 
Frame 4
73 28 44 38 41 
Frame 0
1 
Frame 1
1 1 
Frame 2
13 3 2 
Frame 0
1 
Frame 1
1 1 
Frame 2
35 7 2 
Frame 0
1 
Frame 1
1 1 
Frame 0
1 
Frame 1
1 1 
Frame 2
31 8 2 
Frame 0
1 
Frame 1
1 1 
Frame 0
1 
Frame 1
1 1 
Frame 0
1 
Frame 1
1 1 
Frame 2
27 9 4 
