Frame 0
1 
Frame 1
1 1 
Frame 2
1 1 1 
Frame 0
1 
Frame 1
1 1 
Frame 2
1 1 1 
Frame 0
1 
Frame 1
1 1 
Frame 2
1 1 1 
Frame 0
1 
Frame 1
1 1 
Frame 2
1 1 1 
Frame 0
1 
Frame 1
1 1 
Frame 2
1 1 1 
Frame 0
1 
Frame 1
1 1 
Frame 2
2 2 1 
Frame 3
3 5 7 2 
Frame 0
1 
Frame 1
1 1 
Frame 0
1 
Frame 1
1 1 
Frame 2
1 1 1 
Frame 0
1 
Frame 1
1 1 
Frame 2
2 5 4 
Frame 3
3 6 8 2 
Frame 4
3 6 8 2 2 
Frame 5
3 6 11 7 4 3 
Frame 0
1 
Frame 1
1 1 
Frame 2
2 4 1 
Frame 3
3 5 3 2 
Frame 4
3 5 12 4 2 
Frame 0
1 
Frame 1
1 1 
Frame 2
1 1 1 
Frame 0
1 
Frame 1
1 1 
Frame 2
1 1 1 
Frame 0
1 
Frame 1
1 1 
Frame 2
1 1 1 
Frame 0
1 
Frame 1
1 1 
Frame 2
1 1 1 
Frame 0
1 
Frame 1
1 1 
Frame 2
1 1 1 
Frame 0
1 
Frame 1
1 1 
Frame 2
1 1 1 
Frame 0
1 
Frame 1
1 1 
Frame 2
1 1 1 
Frame 0
1 
Frame 1
1 1 
Frame 2
2 2 1 
Frame 3
3 5 8 2 
Frame 0
1 
Frame 1
1 1 
Frame 0
1 
Frame 1
1 1 
Frame 2
2 3 1 
Frame 3
3 4 10 2 
Frame 0
1 
Frame 1
1 1 
Frame 2
3 3 2 
Frame 3
3 4 9 2 
Frame 0
1 
Frame 1
1 1 
Frame 2
2 2 1 
Frame 3
3 3 5 3 
Frame 4
3 3 5 3 2 
Frame 5
3 3 5 3 2 2 
Frame 0
1 
Frame 1
1 1 
Frame 2
2 4 1 
Frame 3
5 6 3 2 
Frame 4
5 6 10 6 2 
Time of model construct: 0.15
Num of total SAT Calls: 2157
      Num of main solver SAT Calls: 1989
      Num of inv solver SAT Calls: 85
      Num of start solver SAT Calls: 83
Time of total SAT Calls: 70.61
      Time of main solver SAT Calls: 69.32
      Time of inv solver SAT Calls: 0.96
      Time of start solver SAT Calls: 0.33
Num of clause contain: 875
Time of clause contain: 0
Num of clause contain success: 230
Clause contain successful rate: 0.262857
Num of state contain: 2649
Time of state contain: 0.23
Total Time: 79.11
