Frame 0
1 
Frame 1
1 1 
Time of model construct: 0.15
Num of total SAT Calls: 112
      Num of main solver SAT Calls: 109
      Num of inv solver SAT Calls: 1
      Num of start solver SAT Calls: 2
Time of total SAT Calls: 3.02
      Time of main solver SAT Calls: 2.98
      Time of inv solver SAT Calls: 0.02
      Time of start solver SAT Calls: 0.02
Num of clause contain: 33
Time of clause contain: 0
Num of clause contain success: 17
Clause contain successful rate: 0.515152
Num of state contain: 68
Time of state contain: 0
Total Time: 11.08
