Frame 0
1 
Frame 1
1 1 
Frame 2
10 11 9 
Frame 0
1 
Frame 1
1 1 
Frame 2
9 5 2 
Frame 0
1 
Frame 1
1 1 
Frame 2
10 12 5 
Frame 0
1 
Frame 1
1 1 
Frame 2
9 5 2 
Time of model construct: 0.2
Num of total SAT Calls: 451
      Num of main solver SAT Calls: 427
      Num of inv solver SAT Calls: 12
      Num of start solver SAT Calls: 12
Time of total SAT Calls: 17.54
      Time of main solver SAT Calls: 17.34
      Time of inv solver SAT Calls: 0.14
      Time of start solver SAT Calls: 0.06
Num of clause contain: 163
Time of clause contain: 0
Num of clause contain success: 34
Clause contain successful rate: 0.208589
Num of state contain: 499
Time of state contain: 0.02
Total Time: 28.44
