Frame 0
1 
Frame 1
1 1 
Frame 2
5 2 2 
Frame 0
1 
Frame 1
1 1 
Frame 2
7 3 2 
Frame 0
1 
Frame 1
1 1 
Frame 2
9 4 3 
Frame 0
1 
Frame 1
1 1 
Frame 2
11 5 3 
Frame 3
11 6 12 2 
Frame 0
1 
Frame 1
1 1 
Frame 2
6 3 2 
Frame 0
1 
Frame 1
1 1 
Frame 2
12 6 4 
Frame 3
12 7 8 6 
Frame 4
12 7 8 6 6 
Frame 0
1 
Frame 1
1 1 
Frame 2
3 5 4 
Frame 3
3 5 4 3 
Frame 4
10 6 7 7 4 
Frame 0
1 
Frame 1
1 1 
Frame 2
11 3 2 
Frame 0
1 
Frame 1
1 1 
Frame 2
2 6 5 
Frame 3
2 6 5 4 
Frame 4
8 5 8 8 4 
Frame 0
1 
Frame 1
1 1 
Frame 2
7 5 3 
Frame 0
1 
Frame 1
1 1 
Frame 0
1 
Frame 1
1 1 
Frame 2
9 2 2 
Frame 0
1 
Frame 1
1 1 
Frame 2
8 3 2 
Frame 3
8 4 12 2 
Frame 4
8 4 14 5 3 
Frame 0
1 
Frame 1
1 1 
Frame 0
1 
Frame 1
1 1 
Frame 0
1 
Frame 1
1 1 
Frame 2
6 3 2 
Frame 0
1 
Frame 1
1 1 
Frame 0
1 
Frame 1
1 1 
Frame 0
1 
Frame 1
1 1 
Frame 2
2 5 4 
Frame 3
2 5 4 3 
Frame 4
10 5 7 7 4 
Frame 0
1 
Frame 1
1 1 
Frame 0
1 
Frame 1
6 2 
Frame 2
8 5 5 
Frame 0
1 
Frame 1
1 1 
Frame 2
2 5 5 
Frame 3
2 5 5 4 
Frame 4
7 5 9 8 5 
Frame 0
1 
Frame 1
1 1 
Frame 2
7 4 3 
Time of model construct: 0.15
Num of total SAT Calls: 2210
      Num of main solver SAT Calls: 2048
      Num of inv solver SAT Calls: 86
      Num of start solver SAT Calls: 76
Time of total SAT Calls: 77.77
      Time of main solver SAT Calls: 76.4
      Time of inv solver SAT Calls: 1.04
      Time of start solver SAT Calls: 0.33
Num of clause contain: 867
Time of clause contain: 0.01
Num of clause contain success: 278
Clause contain successful rate: 0.320646
Num of state contain: 2544
Time of state contain: 0.28
Total Time: 86.6
