Frame 0
1 
Frame 1
1 1 
Frame 2
5 3 3 
Frame 3
6 5 10 5 
Frame 0
1 
Frame 1
1 1 
Frame 2
5 3 3 
Frame 3
6 6 10 5 
Frame 0
1 
Frame 1
5 2 
Frame 0
1 
Frame 1
1 1 
Frame 2
6 4 2 
Time of model construct: 0.19
Num of total SAT Calls: 407
      Num of main solver SAT Calls: 378
      Num of inv solver SAT Calls: 16
      Num of start solver SAT Calls: 13
Time of total SAT Calls: 16.08
      Time of main solver SAT Calls: 15.85
      Time of inv solver SAT Calls: 0.18
      Time of start solver SAT Calls: 0.05
Num of clause contain: 148
Time of clause contain: 0
Num of clause contain success: 65
Clause contain successful rate: 0.439189
Num of state contain: 434
Time of state contain: 0.05
Total Time: 17.96
