Frame 0
1 
Frame 1
1 1 
Frame 0
1 
Frame 1
1 1 
Frame 0
1 
Frame 1
1 1 
Frame 0
1 
Frame 1
1 1 
Frame 0
1 
Frame 1
1 1 
Time of model construct: 0.12
Num of total SAT Calls: 114
      Num of main solver SAT Calls: 99
      Num of inv solver SAT Calls: 5
      Num of start solver SAT Calls: 10
Time of total SAT Calls: 3.26
      Time of main solver SAT Calls: 3.15
      Time of inv solver SAT Calls: 0.05
      Time of start solver SAT Calls: 0.06
Num of clause contain: 24
Time of clause contain: 0
Num of clause contain success: 0
Clause contain successful rate: 0
Num of state contain: 51
Time of state contain: 0.01
Total Time: 10.41
