Frame 0
1 
Frame 1
1 1 
Time of model construct: 0.14
Num of total SAT Calls: 248
      Num of main solver SAT Calls: 245
      Num of inv solver SAT Calls: 1
      Num of start solver SAT Calls: 2
Time of total SAT Calls: 5.41
      Time of main solver SAT Calls: 5.39
      Time of inv solver SAT Calls: 0.01
      Time of start solver SAT Calls: 0.01
Num of clause contain: 47
Time of clause contain: 0
Num of clause contain success: 21
Clause contain successful rate: 0.446809
Num of state contain: 157
Time of state contain: 0.01
Total Time: 35.87
