Frame 0
1 
Frame 1
1 1 
Frame 0
1 
Frame 1
1 1 
Frame 0
1 
Frame 1
1 1 
Frame 0
1 
Frame 1
1 1 
Frame 0
1 
Frame 1
1 1 
Frame 0
1 
Frame 1
2 1 
Frame 2
2 1 1 
Frame 0
1 
Frame 1
2 1 
Frame 2
2 1 1 
Frame 3
3 2 5 3 
Frame 4
3 2 5 3 2 
Frame 5
3 2 5 3 2 2 
Frame 0
1 
Frame 1
1 1 
Frame 0
1 
Frame 1
2 1 
Frame 2
2 1 1 
Frame 3
3 2 5 2 
Frame 4
3 2 5 3 2 
Frame 5
4 3 7 4 3 3 
Frame 0
1 
Frame 1
2 1 
Frame 2
2 1 1 
Frame 3
3 2 3 2 
Frame 0
1 
Frame 1
1 1 
Frame 0
1 
Frame 1
1 1 
Frame 0
1 
Frame 1
1 1 
Frame 0
1 
Frame 1
1 1 
Frame 0
1 
Frame 1
1 1 
Frame 0
1 
Frame 1
1 1 
Frame 0
1 
Frame 1
1 1 
Frame 0
1 
Frame 1
2 1 
Frame 2
2 1 1 
Frame 0
1 
Frame 1
2 1 
Frame 2
2 1 1 
Frame 3
3 2 5 3 
Frame 4
3 2 5 3 2 
Frame 5
3 2 5 3 2 2 
Frame 0
1 
Frame 1
2 1 
Frame 2
2 1 1 
Frame 0
1 
Frame 1
3 2 
Frame 0
1 
Frame 1
2 1 
Frame 2
2 1 1 
Frame 3
3 2 5 4 
Frame 4
3 2 5 4 2 
Frame 5
3 2 5 4 2 2 
Frame 0
1 
Frame 1
2 1 
Frame 2
2 1 1 
Frame 3
3 2 3 2 
Time of model construct: 0.16
Num of total SAT Calls: 900
      Num of main solver SAT Calls: 769
      Num of inv solver SAT Calls: 62
      Num of start solver SAT Calls: 69
Time of total SAT Calls: 36.56
      Time of main solver SAT Calls: 35.55
      Time of inv solver SAT Calls: 0.73
      Time of start solver SAT Calls: 0.28
Num of clause contain: 280
Time of clause contain: 0
Num of clause contain success: 27
Clause contain successful rate: 0.0964286
Num of state contain: 868
Time of state contain: 0.07
Total Time: 44.01
