Frame 0
1 
Frame 1
1 1 
Frame 0
1 
Frame 1
1 1 
Frame 2
16 7 3 
Frame 3
17 9 7 4 
Frame 0
1 
Frame 1
1 1 
Frame 0
1 
Frame 1
1 1 
Frame 0
1 
Frame 1
1 1 
Frame 2
12 5 2 
Time of model construct: 0.17
Num of total SAT Calls: 411
      Num of main solver SAT Calls: 383
      Num of inv solver SAT Calls: 12
      Num of start solver SAT Calls: 16
Time of total SAT Calls: 14.54
      Time of main solver SAT Calls: 14.28
      Time of inv solver SAT Calls: 0.15
      Time of start solver SAT Calls: 0.11
Num of clause contain: 145
Time of clause contain: 0
Num of clause contain success: 13
Clause contain successful rate: 0.0896552
Num of state contain: 398
Time of state contain: 0.02
Total Time: 16.27
