Frame 0
1 
Frame 1
1 1 
Frame 0
1 
Frame 1
1 1 
Frame 0
1 
Frame 1
1 1 
Frame 0
1 
Frame 1
1 1 
Frame 0
1 
Frame 1
1 1 
Frame 0
1 
Frame 1
1 1 
Frame 0
1 
Frame 1
1 1 
Frame 0
1 
Frame 1
1 1 
Frame 0
1 
Frame 1
1 1 
Frame 0
1 
Frame 1
1 1 
Frame 0
1 
Frame 1
1 1 
Frame 0
1 
Frame 1
1 1 
Frame 0
1 
Frame 1
1 1 
Time of model construct: 0.15
Num of total SAT Calls: 1102
      Num of main solver SAT Calls: 1063
      Num of inv solver SAT Calls: 13
      Num of start solver SAT Calls: 26
Time of total SAT Calls: 31.88
      Time of main solver SAT Calls: 31.57
      Time of inv solver SAT Calls: 0.14
      Time of start solver SAT Calls: 0.17
Num of clause contain: 407
Time of clause contain: 0
Num of clause contain success: 112
Clause contain successful rate: 0.275184
Num of state contain: 1352
Time of state contain: 0.09
Total Time: 76.99
