Frame 0
1 
Frame 1
1 1 
Frame 2
36 10 2 
Frame 3
68 34 37 4 
Frame 4
69 37 38 5 4 
Frame 0
1 
Frame 1
1 1 
Frame 2
30 5 2 
Frame 0
1 
Frame 1
1 1 
Frame 2
40 10 2 
Frame 0
1 
Frame 1
1 1 
Frame 2
18 4 3 
Frame 3
51 15 13 3 
Frame 4
54 21 14 4 3 
Frame 5
55 23 25 5 4 2 
Frame 0
1 
Frame 1
1 1 
Frame 2
35 3 2 
Frame 3
69 19 17 3 
Frame 4
72 34 21 6 5 
Frame 5
75 52 27 9 8 5 
Frame 0
1 
Frame 1
1 1 
Frame 2
27 6 2 
Frame 3
63 25 21 6 
Frame 0
1 
Frame 1
1 1 
Frame 2
37 9 4 
Frame 3
53 13 10 3 
Frame 4
54 18 16 4 3 
Frame 5
59 20 20 5 4 3 
Frame 0
1 
Frame 1
1 1 
Frame 2
67 6 3 
Frame 3
114 12 10 4 
Frame 4
112 22 11 5 4 
Frame 5
110 28 14 6 5 3 
Frame 0
1 
Frame 1
1 1 
Frame 2
42 9 3 
Frame 0
1 
Frame 1
1 1 
Frame 2
61 13 4 
Frame 3
65 23 12 9 
Frame 4
68 26 16 12 10 
Frame 0
1 
Frame 1
1 1 
Frame 2
40 8 3 
Frame 3
83 28 15 5 
Frame 4
83 35 16 6 4 
Frame 0
1 
Frame 1
1 1 
Frame 2
22 21 2 
Frame 0
1 
Frame 1
1 1 
Frame 2
64 12 4 
Time of model construct: 0.17
Num of total SAT Calls: 11106
      Num of main solver SAT Calls: 10937
      Num of inv solver SAT Calls: 111
      Num of start solver SAT Calls: 58
Time of total SAT Calls: 408.23
      Time of main solver SAT Calls: 406.69
      Time of inv solver SAT Calls: 1.35
      Time of start solver SAT Calls: 0.19
Num of clause contain: 4161
Time of clause contain: 0.04
Num of clause contain success: 2153
Clause contain successful rate: 0.517424
Num of state contain: 16517
Time of state contain: 4.76
Total Time: 424.47
