Frame 0
1 
Frame 1
1 1 
Time of model construct: 0.13
Num of total SAT Calls: 15
      Num of main solver SAT Calls: 12
      Num of inv solver SAT Calls: 1
      Num of start solver SAT Calls: 2
Time of total SAT Calls: 1.02
      Time of main solver SAT Calls: 1
      Time of inv solver SAT Calls: 0.01
      Time of start solver SAT Calls: 0.01
Num of clause contain: 4
Time of clause contain: 0
Num of clause contain success: 0
Clause contain successful rate: 0
Num of state contain: 9
Time of state contain: 0
Total Time: 1.43
