Frame 0
1 
Frame 1
1 1 
Frame 0
1 
Frame 1
1 1 
Frame 0
1 
Frame 1
1 1 
Frame 0
1 
Frame 1
1 1 
Frame 0
1 
Frame 1
1 1 
Frame 0
1 
Frame 1
1 1 
Frame 0
1 
Frame 1
1 1 
Frame 0
1 
Frame 1
1 1 
Frame 0
1 
Frame 1
1 1 
Frame 0
1 
Frame 1
1 1 
Frame 0
1 
Frame 1
1 1 
Frame 0
1 
Frame 1
1 1 
Frame 0
1 
Frame 1
1 1 
Time of model construct: 0.17
Num of total SAT Calls: 202
      Num of main solver SAT Calls: 163
      Num of inv solver SAT Calls: 13
      Num of start solver SAT Calls: 26
Time of total SAT Calls: 9.21
      Time of main solver SAT Calls: 8.89
      Time of inv solver SAT Calls: 0.16
      Time of start solver SAT Calls: 0.16
Num of clause contain: 49
Time of clause contain: 0
Num of clause contain success: 16
Clause contain successful rate: 0.326531
Num of state contain: 124
Time of state contain: 0
Total Time: 13.57
