Frame 0
1 
Frame 1
1 1 
Frame 2
1 1 1 
Frame 0
1 
Frame 1
1 1 
Frame 2
1 1 1 
Frame 0
1 
Frame 1
1 1 
Frame 2
1 1 1 
Frame 0
1 
Frame 1
1 1 
Frame 2
1 1 1 
Frame 0
1 
Frame 1
1 1 
Frame 2
1 1 1 
Frame 0
1 
Frame 1
1 1 
Frame 2
1 1 1 
Frame 0
1 
Frame 1
1 1 
Frame 2
1 1 1 
Frame 0
1 
Frame 1
1 1 
Frame 2
1 1 1 
Frame 0
1 
Frame 1
1 1 
Frame 2
1 1 1 
Time of model construct: 0.19
Num of total SAT Calls: 345
      Num of main solver SAT Calls: 300
      Num of inv solver SAT Calls: 18
      Num of start solver SAT Calls: 27
Time of total SAT Calls: 15.71
      Time of main solver SAT Calls: 15.37
      Time of inv solver SAT Calls: 0.21
      Time of start solver SAT Calls: 0.13
Num of clause contain: 132
Time of clause contain: 0
Num of clause contain success: 24
Clause contain successful rate: 0.181818
Num of state contain: 393
Time of state contain: 0.04
Total Time: 19.43
