Frame 0
1 
Frame 1
1 1 
Frame 2
18 6 2 
Frame 3
51 11 16 5 
Frame 4
51 12 32 11 14 
Frame 0
1 
Frame 1
1 1 
Frame 2
39 3 2 
Frame 3
56 9 12 6 
Frame 4
56 10 33 10 16 
Time of model construct: 0.19
Num of total SAT Calls: 1165
      Num of main solver SAT Calls: 1137
      Num of inv solver SAT Calls: 18
      Num of start solver SAT Calls: 10
Time of total SAT Calls: 49.03
      Time of main solver SAT Calls: 48.73
      Time of inv solver SAT Calls: 0.25
      Time of start solver SAT Calls: 0.05
Num of clause contain: 435
Time of clause contain: 0
Num of clause contain success: 164
Clause contain successful rate: 0.377011
Num of state contain: 1699
Time of state contain: 0.24
Total Time: 51.08
