Frame 0
1 
Frame 1
1 1 
Frame 2
2 3 2 
Frame 3
6 4 4 4 
Frame 0
1 
Frame 1
1 1 
Frame 2
2 3 2 
Frame 3
4 6 8 4 
Frame 0
1 
Frame 1
1 1 
Frame 2
2 2 3 
Frame 3
6 5 7 6 
Frame 0
1 
Frame 1
1 1 
Frame 2
8 3 5 
Frame 3
10 5 12 3 
Frame 0
1 
Frame 1
1 1 
Frame 2
6 4 3 
Frame 3
8 7 27 2 
Frame 0
1 
Frame 1
1 1 
Frame 2
10 5 2 
Frame 3
13 8 17 3 
Frame 4
16 11 33 8 4 
Frame 0
1 
Frame 1
1 1 
Frame 2
9 4 2 
Frame 0
1 
Frame 1
1 1 
Frame 2
8 5 2 
Frame 3
9 5 13 2 
Frame 0
1 
Frame 1
1 1 
Frame 2
8 8 2 
Frame 3
10 7 12 2 
Frame 0
1 
Frame 1
1 1 
Frame 2
8 7 3 
Frame 3
10 6 15 4 
Frame 0
1 
Frame 1
1 1 
Frame 2
6 4 2 
Frame 3
9 7 12 2 
Frame 0
1 
Frame 1
1 1 
Frame 2
6 4 2 
Frame 3
8 7 10 3 
Frame 0
1 
Frame 1
1 1 
Frame 2
6 4 2 
Frame 3
10 9 10 3 
Frame 0
1 
Frame 1
1 1 
Frame 2
7 6 3 
Frame 3
11 6 16 4 
Frame 0
1 
Frame 1
1 1 
Frame 2
6 7 2 
Frame 3
9 7 11 2 
Frame 0
1 
Frame 1
1 1 
Frame 2
7 6 2 
Frame 3
11 9 17 3 
Frame 4
15 11 34 8 5 
Frame 0
1 
Frame 1
1 1 
Frame 2
5 9 2 
Frame 3
10 11 5 2 
Frame 0
1 
Frame 1
1 1 
Frame 2
9 3 2 
Frame 0
1 
Frame 1
1 1 
Frame 2
15 8 2 
Frame 3
14 10 12 2 
Frame 0
1 
Frame 1
1 1 
Frame 2
6 4 2 
Frame 0
1 
Frame 1
1 1 
Frame 2
9 4 2 
Frame 0
1 
Frame 1
1 1 
Frame 2
9 8 3 
Frame 0
1 
Frame 1
1 1 
Frame 2
7 4 2 
Frame 0
1 
Frame 1
1 1 
Frame 2
10 7 2 
Frame 0
1 
Frame 1
1 1 
Frame 2
13 7 2 
Frame 0
1 
Frame 1
1 1 
Frame 2
7 4 2 
Frame 0
1 
Frame 1
1 1 
Frame 2
7 5 2 
Frame 0
1 
Frame 1
1 1 
Frame 2
13 3 3 
Frame 0
1 
Frame 1
1 1 
Frame 2
9 5 3 
Frame 0
1 
Frame 1
1 1 
Frame 0
1 
Frame 1
1 1 
Frame 2
5 9 3 
Frame 0
1 
Frame 1
1 1 
Frame 2
7 12 4 
Frame 0
1 
Frame 1
1 1 
Frame 0
1 
Frame 1
1 1 
Frame 2
8 9 3 
Frame 0
1 
Frame 1
1 1 
Frame 2
8 6 2 
Frame 0
1 
Frame 1
1 1 
Frame 2
8 7 2 
Frame 0
1 
Frame 1
1 1 
Frame 2
8 5 2 
Frame 0
1 
Frame 1
1 1 
Frame 2
13 8 3 
Frame 0
1 
Frame 1
1 1 
Frame 2
8 4 2 
Frame 0
1 
Frame 1
1 1 
Frame 2
8 4 2 
Frame 0
1 
Frame 1
1 1 
Frame 2
7 4 2 
Frame 0
1 
Frame 1
1 1 
Frame 2
8 6 2 
Frame 0
1 
Frame 1
1 1 
Frame 0
1 
Frame 1
1 1 
Frame 2
13 5 3 
Frame 0
1 
Frame 1
1 1 
Frame 2
8 4 2 
Frame 0
1 
Frame 1
1 1 
Frame 2
7 8 2 
Frame 3
10 13 11 2 
Frame 0
1 
Frame 1
1 1 
Frame 2
5 6 2 
Frame 0
1 
Frame 1
1 1 
Frame 2
6 8 2 
Frame 3
8 9 11 2 
Frame 0
1 
Frame 1
1 1 
Frame 2
9 5 2 
Frame 3
12 7 31 3 
Frame 0
1 
Frame 1
1 1 
Frame 2
7 12 2 
Frame 3
11 13 20 3 
Frame 4
18 15 26 6 4 
Frame 0
1 
Frame 1
1 1 
Frame 2
8 10 2 
Frame 3
10 8 6 2 
Frame 0
1 
Frame 1
1 1 
Frame 2
10 14 2 
Frame 3
14 15 17 8 
Frame 0
1 
Frame 1
1 1 
Frame 2
10 10 2 
Frame 3
12 11 12 2 
Frame 0
1 
Frame 1
1 1 
Frame 2
6 9 2 
Frame 3
9 8 14 4 
Frame 0
1 
Frame 1
1 1 
Frame 2
15 9 2 
Frame 3
19 14 27 7 
Frame 0
1 
Frame 1
1 1 
Frame 2
9 15 3 
Frame 3
11 19 20 3 
Frame 0
1 
Frame 1
1 1 
Frame 2
9 4 2 
Frame 3
13 11 17 2 
Frame 0
1 
Frame 1
1 1 
Frame 2
12 15 2 
Frame 3
14 17 14 2 
Frame 0
1 
Frame 1
1 1 
Frame 2
7 11 2 
Frame 3
9 8 11 3 
Frame 0
1 
Frame 1
1 1 
Frame 2
11 3 2 
Frame 0
1 
Frame 1
1 1 
Frame 2
9 6 3 
Frame 3
9 8 7 6 
Frame 0
1 
Frame 1
1 1 
Frame 2
8 2 2 
Frame 0
1 
Frame 1
1 1 
Frame 2
4 3 3 
Frame 3
8 6 14 4 
Frame 0
1 
Frame 1
1 1 
Frame 2
4 3 3 
Frame 3
9 7 12 4 
Frame 0
1 
Frame 1
1 1 
Frame 2
8 3 2 
Frame 0
1 
Frame 1
1 1 
Frame 2
6 4 2 
Frame 3
7 3 6 2 
Frame 0
1 
Frame 1
1 1 
Frame 2
6 6 2 
Frame 3
9 7 13 4 
Frame 0
1 
Frame 1
1 1 
Frame 2
8 7 2 
Frame 3
9 6 5 2 
Frame 0
1 
Frame 1
1 1 
Frame 2
13 16 2 
Frame 0
1 
Frame 1
1 1 
Frame 2
6 5 2 
Frame 3
9 9 13 4 
Frame 0
1 
Frame 1
1 1 
