Frame 0
3028 
Frame 0
3028 
Frame 0
3028 
Time of model construct: 0
Num of total SAT Calls: 362
      Num of main solver SAT Calls: 181
      Num of inv solver SAT Calls: 0
      Num of start solver SAT Calls: 181
Time of total SAT Calls: 0.17
      Time of main solver SAT Calls: 0.07
      Time of inv solver SAT Calls: 0
      Time of start solver SAT Calls: 0.1
Num of clause contain: 0
Time of clause contain: 0
Num of clause contain success: 0
Clause contain successful rate: -nan
Num of state contain: 178
Time of state contain: 0
Total Time: 0.32
