Frame 0
30564 
Frame 0
30564 
Frame 0
30564 
Frame 0
30564 
Frame 0
30564 
Frame 0
30564 
Frame 0
30564 
Frame 0
30564 
Frame 0
30564 
Frame 0
30564 
Frame 0
30564 
Frame 0
30564 
Frame 0
30564 
Frame 0
30564 
Frame 0
30564 
Frame 0
30564 
Frame 0
30564 
Frame 0
30564 
Frame 0
30564 
Frame 0
30564 
Frame 0
30564 
Frame 0
30564 
Frame 0
30564 
Frame 0
30564 
Frame 0
30564 
Frame 0
30564 
Frame 0
30564 
Frame 0
30564 
Frame 0
30564 
Frame 0
30564 
Frame 0
30564 
Frame 0
30564 
Frame 0
30564 
Frame 0
30564 
Frame 0
30564 
Frame 0
30564 
Frame 0
30564 
Frame 0
30564 
Frame 0
30564 
Frame 0
30564 
Frame 0
30564 
Frame 0
30564 
Frame 0
30564 
Frame 0
30564 
Frame 0
30564 
Frame 0
30564 
Frame 0
30564 
Frame 0
30564 
Frame 0
30564 
Frame 0
30564 
Frame 0
30564 
Frame 0
30564 
Frame 0
30564 
Frame 0
30564 
Frame 0
30564 
Frame 0
30564 
Frame 0
30564 
Frame 0
30564 
Frame 0
30564 
Frame 0
30564 
Frame 0
30564 
Frame 0
30564 
Frame 0
30564 
Frame 0
30564 
Frame 0
30564 
Frame 0
30564 
Frame 0
30564 
Frame 0
30564 
Frame 0
30564 
Frame 0
30564 
Frame 0
30564 
Frame 0
30564 
Frame 0
30564 
Frame 0
30564 
Frame 0
30564 
Frame 0
30564 
Frame 0
30564 
Frame 0
30564 
Frame 0
30564 
Frame 0
30564 
Frame 0
30564 
Frame 0
30564 
Frame 0
30564 
Frame 0
30564 
Frame 0
30564 
Frame 0
30564 
Frame 0
30564 
Frame 0
30564 
Frame 0
30564 
Frame 0
30564 
Frame 0
30564 
Frame 0
30564 
Frame 0
30564 
Frame 0
30564 
Frame 0
30564 
Frame 0
30564 
Frame 0
30564 
Frame 0
30564 
Frame 0
30564 
Frame 0
30564 
Frame 0
30564 
Frame 0
30564 
Frame 0
30564 
Frame 0
30564 
Frame 0
30564 
Frame 0
30564 
Frame 0
30564 
Frame 0
30564 
Frame 0
30564 
Frame 0
30564 
Frame 0
30564 
Frame 0
30564 
Frame 0
30564 
Frame 0
30564 
Frame 0
30564 
Frame 0
30564 
Frame 0
30564 
Frame 0
30564 
Frame 0
30564 
Frame 0
30564 
Frame 0
30564 
Frame 0
30564 
Frame 0
30564 
Frame 0
30564 
Frame 0
30564 
Frame 0
30564 
Frame 0
30564 
Frame 0
30564 
Frame 0
30564 
Frame 0
30564 
Frame 0
30564 
Frame 0
30564 
Frame 0
30564 
Frame 0
30564 
Frame 0
30564 
Frame 0
30564 
Frame 0
30564 
Frame 0
30564 
Frame 0
30564 
Frame 0
30564 
Frame 0
30564 
Frame 0
30564 
Frame 0
30564 
Frame 0
30564 
Frame 0
30564 
Frame 0
30564 
Frame 0
30564 
Frame 0
30564 
Frame 0
30564 
Frame 0
30564 
Frame 0
30564 
Frame 0
30564 
Frame 0
30564 
Frame 0
30564 
Frame 0
30564 
Frame 0
30564 
Frame 0
30564 
Frame 0
30564 
Frame 0
30564 
Frame 0
30564 
Frame 0
30564 
Frame 0
30564 
Frame 0
30564 
Frame 0
30564 
Frame 0
30564 
Frame 0
30564 
Frame 0
30564 
Frame 0
30564 
Frame 0
30564 
Frame 0
30564 
Frame 0
30564 
Frame 0
30564 
Frame 0
30564 
Frame 0
30564 
Frame 0
30564 
Frame 0
30564 
Frame 0
30564 
Frame 0
30564 
Frame 0
30564 
Frame 0
30564 
Frame 0
30564 
Frame 0
30564 
Frame 0
30564 
Frame 0
30564 
Frame 0
30564 
Frame 0
30564 
Frame 0
30564 
Frame 0
30564 
Frame 0
30564 
Frame 0
30564 
Frame 0
30564 
Frame 0
30564 
Frame 0
30564 
Frame 0
30564 
Frame 0
30564 
Frame 0
30564 
Frame 0
30564 
Frame 0
30564 
Frame 0
30564 
Frame 0
30564 
Frame 0
30564 
Frame 0
30564 
Frame 0
30564 
Frame 0
30564 
Frame 0
30564 
Frame 0
30564 
Frame 0
30564 
Frame 0
30564 
Frame 0
30564 
Frame 0
30564 
Frame 0
30564 
Frame 0
30564 
Time of model construct: 0.16
Num of total SAT Calls: 424
      Num of main solver SAT Calls: 212
      Num of inv solver SAT Calls: 0
      Num of start solver SAT Calls: 212
Time of total SAT Calls: 6.91
      Time of main solver SAT Calls: 4.75
      Time of inv solver SAT Calls: 0
      Time of start solver SAT Calls: 2.16
Num of clause contain: 0
Time of clause contain: 0
Num of clause contain success: 0
Clause contain successful rate: -nan
Num of state contain: 0
Time of state contain: 0
Total Time: 147.79
