Frame 0
30564 
Frame 0
30564 
Frame 0
30564 
Frame 0
30564 
Frame 0
30564 
Frame 0
30564 
Frame 0
30564 
Frame 0
30564 
Frame 0
30564 
Frame 0
30564 
Frame 0
30564 
Frame 0
30564 
Frame 0
30564 
Time of model construct: 0.2
Num of total SAT Calls: 26
      Num of main solver SAT Calls: 13
      Num of inv solver SAT Calls: 0
      Num of start solver SAT Calls: 13
Time of total SAT Calls: 1.22
      Time of main solver SAT Calls: 0.78
      Time of inv solver SAT Calls: 0
      Time of start solver SAT Calls: 0.44
Num of clause contain: 0
Time of clause contain: 0
Num of clause contain success: 0
Clause contain successful rate: -nan
Num of state contain: 0
Time of state contain: 0
Total Time: 12.1
