Frame 0
30568 
Frame 0
30568 
Frame 0
30568 
Frame 0
30568 
Frame 0
30568 
Frame 0
30568 
Frame 0
30568 
Frame 0
30568 
Frame 0
30568 
Frame 0
30568 
Frame 0
30568 
Frame 0
30568 
Frame 0
30568 
Frame 0
30568 
Frame 0
30568 
Frame 0
30568 
Frame 0
30568 
Frame 0
30568 
Frame 0
30568 
Frame 0
30568 
Frame 0
30568 
Frame 0
30568 
Frame 0
30568 
Frame 0
30568 
Frame 0
30568 
Frame 0
30568 
Frame 0
30568 
Frame 0
30568 
Frame 0
30568 
Frame 0
30568 
Frame 0
30568 
Frame 0
30568 
Frame 0
30568 
Frame 0
30568 
Frame 0
30568 
Frame 0
30568 
Frame 0
30568 
Frame 0
30568 
Frame 0
30568 
Frame 0
30568 
Frame 0
30568 
Frame 0
30568 
Frame 0
30568 
Frame 0
30568 
Frame 0
30568 
Frame 0
30568 
Frame 0
30568 
Frame 0
30568 
Frame 0
30568 
Frame 0
30568 
Frame 0
30568 
Frame 0
30568 
Frame 0
30568 
Frame 0
30568 
Frame 0
30568 
Frame 0
30568 
Frame 0
30568 
Frame 0
30568 
Frame 0
30568 
Frame 0
30568 
Frame 0
30568 
Frame 0
30568 
Frame 0
30568 
Frame 0
30568 
Frame 0
30568 
Frame 0
30568 
Frame 0
30568 
Frame 0
30568 
Frame 0
30568 
Frame 0
30568 
Frame 0
30568 
Frame 0
30568 
Frame 0
30568 
Frame 0
30568 
Frame 0
30568 
Frame 0
30568 
Frame 0
30568 
Frame 0
30568 
Time of model construct: 0.18
Num of total SAT Calls: 156
      Num of main solver SAT Calls: 78
      Num of inv solver SAT Calls: 0
      Num of start solver SAT Calls: 78
Time of total SAT Calls: 1.6
      Time of main solver SAT Calls: 1.13
      Time of inv solver SAT Calls: 0
      Time of start solver SAT Calls: 0.47
Num of clause contain: 0
Time of clause contain: 0
Num of clause contain success: 0
Clause contain successful rate: -nan
Num of state contain: 0
Time of state contain: 0
Total Time: 67.22
