Frame 0
30564 
Frame 0
30564 
Frame 0
30564 
Frame 0
30564 
Frame 0
30564 
Frame 0
30564 
Frame 0
30564 
Frame 0
30564 
Frame 0
30564 
Frame 0
30564 
Frame 0
30564 
Frame 0
30564 
Frame 0
30564 
Frame 0
30564 
Frame 0
30564 
Frame 0
30564 
Frame 0
30564 
Frame 0
30564 
Frame 0
30564 
Frame 0
30564 
Frame 0
30564 
Frame 0
30564 
Frame 0
30564 
Frame 0
30564 
Frame 0
30564 
Frame 0
30564 
Frame 0
30564 
Frame 0
30564 
Frame 0
30564 
Frame 0
30564 
Time of model construct: 0.19
Num of total SAT Calls: 60
      Num of main solver SAT Calls: 30
      Num of inv solver SAT Calls: 0
      Num of start solver SAT Calls: 30
Time of total SAT Calls: 0.88
      Time of main solver SAT Calls: 0.57
      Time of inv solver SAT Calls: 0
      Time of start solver SAT Calls: 0.31
Num of clause contain: 0
Time of clause contain: 0
Num of clause contain success: 0
Clause contain successful rate: -nan
Num of state contain: 0
Time of state contain: 0
Total Time: 24.79
