Frame 0
31906 
Frame 0
31906 
Frame 0
31906 
Frame 0
31906 
Frame 0
31906 
Frame 0
31906 
Frame 0
31906 
Frame 0
31906 
Frame 0
31906 
Frame 0
31906 
Frame 0
31906 
Frame 0
31906 
Frame 0
31906 
Frame 0
31906 
Frame 0
31906 
Frame 0
31906 
Frame 0
31906 
Frame 0
31906 
Frame 0
31906 
Frame 0
31906 
Frame 0
31906 
Frame 0
31906 
Frame 0
31906 
Frame 0
31906 
Frame 0
31906 
Frame 0
31906 
Frame 0
31906 
Frame 0
31906 
Frame 0
31906 
Frame 0
31906 
Frame 0
31906 
Frame 0
31906 
Frame 0
31906 
Frame 0
31906 
Frame 0
31906 
Frame 0
31906 
Frame 0
31906 
Frame 0
31906 
Frame 0
31906 
Frame 0
31906 
Frame 0
31906 
Frame 0
31906 
Frame 0
31906 
Frame 0
31906 
Frame 0
31906 
Frame 0
31906 
Frame 0
31906 
Frame 0
31906 
Frame 0
31906 
Frame 0
31906 
Frame 0
31906 
Frame 0
31906 
Frame 0
31906 
Frame 0
31906 
Frame 0
31906 
Frame 0
31906 
Frame 0
31906 
Frame 0
31906 
Frame 0
31906 
Frame 0
31906 
Frame 0
31906 
Frame 0
31906 
Frame 0
31906 
Frame 0
31906 
Frame 0
31906 
Frame 0
31906 
Frame 0
31906 
Frame 0
31906 
Frame 0
31906 
Frame 0
31906 
Frame 0
31906 
Frame 0
31906 
Frame 0
31906 
Frame 0
31906 
Frame 0
31906 
Frame 0
31906 
Frame 0
31906 
Frame 0
31906 
Frame 0
31906 
Frame 0
31906 
Frame 0
31906 
Frame 0
31906 
Frame 0
31906 
Frame 0
31906 
Frame 0
31906 
Frame 0
31906 
Frame 0
31906 
Frame 0
31906 
Frame 0
31906 
Frame 0
31906 
Frame 0
31906 
Frame 0
31906 
Frame 0
31906 
Frame 0
31906 
Frame 0
31906 
Frame 0
31906 
Frame 0
31906 
Frame 0
31906 
Frame 0
31906 
Frame 0
31906 
Frame 0
31906 
Frame 0
31906 
Frame 0
31906 
Frame 0
31906 
Frame 0
31906 
Frame 0
31906 
Frame 0
31906 
Frame 0
31906 
Frame 0
31906 
Frame 0
31906 
Frame 0
31906 
Frame 0
31906 
Frame 0
31906 
Frame 0
31906 
Frame 0
31906 
Frame 0
31906 
Frame 0
31906 
Frame 0
31906 
Frame 0
31906 
Frame 0
31906 
Frame 0
31906 
Frame 0
31906 
Frame 0
31906 
Frame 0
31906 
Frame 0
31906 
Frame 0
31906 
Frame 0
31906 
Frame 0
31906 
Frame 0
31906 
Frame 0
31906 
Frame 0
31906 
Frame 0
31906 
Frame 0
31906 
Frame 0
31906 
Frame 0
31906 
Frame 0
31906 
Frame 0
31906 
Frame 0
31906 
Frame 0
31906 
Frame 0
31906 
Frame 0
31906 
Frame 0
31906 
Frame 0
31906 
Frame 0
31906 
Frame 0
31906 
Frame 0
31906 
Frame 0
31906 
Frame 0
31906 
Frame 0
31906 
Frame 0
31906 
Frame 0
31906 
Frame 0
31906 
Time of model construct: 0.15
Num of total SAT Calls: 304
      Num of main solver SAT Calls: 152
      Num of inv solver SAT Calls: 0
      Num of start solver SAT Calls: 152
Time of total SAT Calls: 6.34
      Time of main solver SAT Calls: 5.95
      Time of inv solver SAT Calls: 0
      Time of start solver SAT Calls: 0.39
Num of clause contain: 0
Time of clause contain: 0
Num of clause contain success: 0
Clause contain successful rate: -nan
Num of state contain: 0
Time of state contain: 0
Total Time: 89.87
