Frame 0
31906 
Frame 0
31906 
Frame 0
31906 
Frame 0
31906 
Frame 0
31906 
Frame 0
31906 
Frame 0
31906 
Frame 0
31906 
Frame 0
31906 
Frame 0
31906 
Frame 0
31906 
Frame 0
31906 
Frame 0
31906 
Frame 0
31906 
Frame 0
31906 
Frame 0
31906 
Frame 0
31906 
Frame 0
31906 
Frame 0
31906 
Frame 0
31906 
Frame 0
31906 
Frame 0
31906 
Frame 0
31906 
Frame 0
31906 
Frame 0
31906 
Frame 0
31906 
Frame 0
31906 
Frame 0
31906 
Frame 0
31906 
Frame 0
31906 
Frame 0
31906 
Frame 0
31906 
Frame 0
31906 
Frame 0
31906 
Frame 0
31906 
Frame 0
31906 
Frame 0
31906 
Frame 0
31906 
Frame 0
31906 
Frame 0
31906 
Frame 0
31906 
Frame 0
31906 
Frame 0
31906 
Frame 0
31906 
Frame 0
31906 
Frame 0
31906 
Frame 0
31906 
Frame 0
31906 
Frame 0
31906 
Frame 0
31906 
Frame 0
31906 
Frame 0
31906 
Frame 0
31906 
Frame 0
31906 
Frame 0
31906 
Frame 0
31906 
Frame 0
31906 
Frame 0
31906 
Frame 0
31906 
Frame 0
31906 
Frame 0
31906 
Frame 0
31906 
Frame 0
31906 
Frame 0
31906 
Frame 0
31906 
Frame 0
31906 
Frame 0
31906 
Frame 0
31906 
Frame 0
31906 
Frame 0
31906 
Frame 0
31906 
Frame 0
31906 
Frame 0
31906 
Frame 0
31906 
Frame 0
31906 
Frame 0
31906 
Frame 0
31906 
Frame 0
31906 
Frame 0
31906 
Frame 0
31906 
Frame 0
31906 
Frame 0
31906 
Frame 0
31906 
Frame 0
31906 
Frame 0
31906 
Frame 0
31906 
Frame 0
31906 
Frame 0
31906 
Frame 0
31906 
Frame 0
31906 
Frame 0
31906 
Frame 0
31906 
Frame 0
31906 
Frame 0
31906 
Frame 0
31906 
Frame 0
31906 
Frame 0
31906 
Frame 0
31906 
Frame 0
31906 
Frame 0
31906 
Frame 0
31906 
Frame 0
31906 
Time of model construct: 0.17
Num of total SAT Calls: 204
      Num of main solver SAT Calls: 102
      Num of inv solver SAT Calls: 0
      Num of start solver SAT Calls: 102
Time of total SAT Calls: 5.48
      Time of main solver SAT Calls: 5.06
      Time of inv solver SAT Calls: 0
      Time of start solver SAT Calls: 0.42
Num of clause contain: 0
Time of clause contain: 0
Num of clause contain success: 0
Clause contain successful rate: -nan
Num of state contain: 0
Time of state contain: 0
Total Time: 81.41
