Frame 0
31906 
Frame 0
31906 
Frame 0
31906 
Frame 0
31906 
Frame 0
31906 
Frame 0
31906 
Frame 0
31906 
Frame 0
31906 
Frame 0
31906 
Frame 0
31906 
Frame 0
31906 
Frame 0
31906 
Frame 0
31906 
Frame 0
31906 
Frame 0
31906 
Frame 0
31906 
Frame 0
31906 
Frame 0
31906 
Frame 0
31906 
Frame 0
31906 
Frame 0
31906 
Frame 0
31906 
Frame 0
31906 
Frame 0
31906 
Frame 0
31906 
Frame 0
31906 
Frame 0
31906 
Frame 0
31906 
Frame 0
31906 
Frame 0
31906 
Frame 0
31906 
Frame 0
31906 
Frame 0
31906 
Frame 0
31906 
Frame 0
31906 
Frame 0
31906 
Frame 0
31906 
Frame 0
31906 
Frame 0
31906 
Frame 0
31906 
Frame 0
31906 
Frame 1
31906 1 
Frame 2
31906 2 1 
Frame 0
31906 
