Frame 0
1 
Frame 0
1 
Time of model construct: 0.03
Num of total SAT Calls: 8
      Num of main solver SAT Calls: 4
      Num of inv solver SAT Calls: 0
      Num of start solver SAT Calls: 4
Time of total SAT Calls: 0.02
      Time of main solver SAT Calls: 0.02
      Time of inv solver SAT Calls: 0
      Time of start solver SAT Calls: 0
Num of clause contain: 2
Time of clause contain: 0
Num of clause contain success: 0
Clause contain successful rate: 0
Num of state contain: 2
Time of state contain: 0
Total Time: 0.15
