Frame 0
20330 
Frame 0
20330 
Frame 0
20330 
Frame 0
20330 
Frame 0
20330 
Frame 0
20330 
Frame 0
20330 
Frame 0
20330 
Frame 0
20330 
Frame 0
20330 
Frame 0
20330 
Frame 0
20330 
Frame 0
20330 
Frame 0
20330 
Frame 0
20330 
Frame 0
20330 
Frame 0
20330 
Frame 0
20330 
Frame 0
20330 
Frame 0
20330 
Frame 0
20330 
Frame 0
20330 
Frame 0
20330 
Frame 0
20330 
Frame 0
20330 
Frame 0
20330 
Frame 0
20330 
Frame 0
20330 
Frame 0
20330 
Frame 0
20330 
Frame 0
20330 
Frame 0
20330 
Frame 0
20330 
Frame 0
20330 
Frame 0
20330 
Frame 0
20330 
Frame 0
20330 
Frame 0
20330 
Frame 0
20330 
Frame 0
20330 
Frame 0
20330 
Frame 0
20330 
Frame 0
20330 
Frame 0
20330 
Frame 0
20330 
Frame 0
20330 
Frame 0
20330 
Frame 0
20330 
Frame 0
20330 
Frame 0
20330 
Frame 0
20330 
Frame 0
20330 
Frame 0
20330 
Frame 0
20330 
Frame 0
20330 
Frame 0
20330 
Frame 0
20330 
Frame 0
20330 
Frame 0
20330 
Frame 0
20330 
Frame 0
20330 
Frame 0
20330 
Frame 0
20330 
Frame 0
20330 
Frame 0
20330 
Frame 0
20330 
Frame 0
20330 
Frame 0
20330 
Frame 0
20330 
Frame 0
20330 
Frame 0
20330 
Frame 0
20330 
Frame 0
20330 
Frame 0
20330 
Frame 0
20330 
Frame 0
20330 
Frame 0
20330 
Frame 0
20330 
Frame 0
20330 
Time of model construct: 0.12
Num of total SAT Calls: 158
      Num of main solver SAT Calls: 79
      Num of inv solver SAT Calls: 0
      Num of start solver SAT Calls: 79
Time of total SAT Calls: 3.39
      Time of main solver SAT Calls: 3.16
      Time of inv solver SAT Calls: 0
      Time of start solver SAT Calls: 0.23
Num of clause contain: 0
Time of clause contain: 0
Num of clause contain success: 0
Clause contain successful rate: -nan
Num of state contain: 0
Time of state contain: 0
Total Time: 47.44
